  CREATE_STREAM @0 {NAME:channel_rx_resp_seq T:TVM SCOPE:uvm_test_top.tb.ch0.rx_agent.sequencer STREAM:1}
BEGIN @0 {TXH:2 STREAM:1 NAME:channel_rx_resp_seq TIME=0  TYPE="Begin_No_Parent, Link" LABEL:"" DESC=""}
  CREATE_STREAM @0 {NAME:channel_rx_resp_seq T:TVM SCOPE:uvm_test_top.tb.ch1.rx_agent.sequencer STREAM:3}
BEGIN @0 {TXH:4 STREAM:3 NAME:channel_rx_resp_seq TIME=0  TYPE="Begin_No_Parent, Link" LABEL:"" DESC=""}
  CREATE_STREAM @0 {NAME:channel_rx_resp_seq T:TVM SCOPE:uvm_test_top.tb.ch2.rx_agent.sequencer STREAM:5}
BEGIN @0 {TXH:6 STREAM:5 NAME:channel_rx_resp_seq TIME=0  TYPE="Begin_No_Parent, Link" LABEL:"" DESC=""}
  CREATE_STREAM @0 {NAME:clk10_rst5_seq T:TVM SCOPE:uvm_test_top.tb.clk_rst.agent.sequencer STREAM:7}
BEGIN @0 {TXH:8 STREAM:7 NAME:clk10_rst5_seq TIME=0  TYPE="Begin_No_Parent, Link" LABEL:"" DESC=""}
  CREATE_STREAM @0 {NAME:router_simple_mcseq T:TVM SCOPE:uvm_test_top.tb.mc_seqr STREAM:9}
BEGIN @0 {TXH:10 STREAM:9 NAME:router_simple_mcseq TIME=0  TYPE="Begin_No_Parent, Link" LABEL:"" DESC=""}
BEGIN @0 {TXH:11 STREAM:7 NAME:cr TIME=0  TYPE="Begin_End, Link" LABEL:"" DESC=""}
  LINK @0 {TXH1:8 TXH2:11 RELATION=child}
  CREATE_STREAM @0 {NAME:router_simple_mcseq T:TVM SCOPE:uvm_test_top.tb.hbus.masters[0].sequencer STREAM:12}
BEGIN @0 {TXH:13 STREAM:12 NAME:h_small TIME=0  TYPE="Begin_End, Link" LABEL:"" DESC=""}
  LINK @0 {TXH1:10 TXH2:13 RELATION=child}
BEGIN @0 {TXH:14 STREAM:12 NAME:hbus_seq TIME=0  TYPE="Begin_End, Link" LABEL:"" DESC=""}
  LINK @0 {TXH1:13 TXH2:14 RELATION=child}
BEGIN @0 {TXH:15 STREAM:1 NAME:channel_rx_resp_seq TIME=0  TYPE="Begin_No_Parent, Link" LABEL:"" DESC=""}
BEGIN @0 {TXH:16 STREAM:3 NAME:channel_rx_resp_seq TIME=0  TYPE="Begin_No_Parent, Link" LABEL:"" DESC=""}
BEGIN @0 {TXH:17 STREAM:5 NAME:channel_rx_resp_seq TIME=0  TYPE="Begin_No_Parent, Link" LABEL:"" DESC=""}
BEGIN @0 {TXH:18 STREAM:7 NAME:clk10_rst5_seq TIME=0  TYPE="Begin_No_Parent, Link" LABEL:"" DESC=""}
BEGIN @0 {TXH:19 STREAM:7 NAME:cr TIME=0  TYPE="Begin_End, Link" LABEL:"" DESC=""}
  LINK @0 {TXH1:18 TXH2:19 RELATION=child}
BEGIN @0 {TXH:20 STREAM:7 NAME:req TIME=0  TYPE="Begin_End, Link" LABEL:"" DESC=""}
  LINK @0 {TXH1:11 TXH2:20 RELATION=child}
  SET_ATTR @0 {TXH:20 NAME:clock_period VALUE:10   RADIX:UVM_HEX BITS=32}
  SET_ATTR @0 {TXH:20 NAME:reset_delay VALUE:5   RADIX:UVM_HEX BITS=32}
  SET_ATTR @0 {TXH:20 NAME:clock_cycles_to_count VALUE:0   RADIX:UVM_HEX BITS=32}
  SET_ATTR @0 {TXH:20 NAME:cycle_count_must_happen VALUE:0   RADIX:UVM_HEX BITS=1}
  SET_ATTR @0 {TXH:20 NAME:run_clock VALUE:1   RADIX:UVM_HEX BITS=1}
  SET_ATTR @0 {TXH:20 NAME:transaction_id VALUE:1   RADIX:UVM_DEC BITS=32}
END @0 {TXH:20 TIME=0}
FREE @0 {TXH:20}
END @0 {TXH:11 TIME=0}
FREE @0 {TXH:11}
BEGIN @0 {TXH:21 STREAM:7 NAME:req TIME=0  TYPE="Begin_End, Link" LABEL:"" DESC=""}
  LINK @0 {TXH1:19 TXH2:21 RELATION=child}
  SET_ATTR @0 {TXH:21 NAME:clock_period VALUE:10   RADIX:UVM_HEX BITS=32}
  SET_ATTR @0 {TXH:21 NAME:reset_delay VALUE:5   RADIX:UVM_HEX BITS=32}
  SET_ATTR @0 {TXH:21 NAME:clock_cycles_to_count VALUE:0   RADIX:UVM_HEX BITS=32}
  SET_ATTR @0 {TXH:21 NAME:cycle_count_must_happen VALUE:0   RADIX:UVM_HEX BITS=1}
  SET_ATTR @0 {TXH:21 NAME:run_clock VALUE:1   RADIX:UVM_HEX BITS=1}
  SET_ATTR @0 {TXH:21 NAME:transaction_id VALUE:1   RADIX:UVM_DEC BITS=32}
END @0 {TXH:21 TIME=0}
FREE @0 {TXH:21}
END @0 {TXH:19 TIME=0}
FREE @0 {TXH:19}
BEGIN @0 {TXH:22 STREAM:1 NAME:channel_rx_resp_seq TIME=0  TYPE="Begin_No_Parent, Link" LABEL:"" DESC=""}
BEGIN @0 {TXH:23 STREAM:3 NAME:channel_rx_resp_seq TIME=0  TYPE="Begin_No_Parent, Link" LABEL:"" DESC=""}
BEGIN @0 {TXH:24 STREAM:5 NAME:channel_rx_resp_seq TIME=0  TYPE="Begin_No_Parent, Link" LABEL:"" DESC=""}
BEGIN @0 {TXH:25 STREAM:7 NAME:clk10_rst5_seq TIME=0  TYPE="Begin_No_Parent, Link" LABEL:"" DESC=""}
BEGIN @0 {TXH:26 STREAM:7 NAME:cr TIME=0  TYPE="Begin_End, Link" LABEL:"" DESC=""}
  LINK @0 {TXH1:25 TXH2:26 RELATION=child}
BEGIN @0 {TXH:27 STREAM:7 NAME:req TIME=0  TYPE="Begin_End, Link" LABEL:"" DESC=""}
  LINK @0 {TXH1:26 TXH2:27 RELATION=child}
  SET_ATTR @0 {TXH:27 NAME:clock_period VALUE:10   RADIX:UVM_HEX BITS=32}
  SET_ATTR @0 {TXH:27 NAME:reset_delay VALUE:5   RADIX:UVM_HEX BITS=32}
  SET_ATTR @0 {TXH:27 NAME:clock_cycles_to_count VALUE:0   RADIX:UVM_HEX BITS=32}
  SET_ATTR @0 {TXH:27 NAME:cycle_count_must_happen VALUE:0   RADIX:UVM_HEX BITS=1}
  SET_ATTR @0 {TXH:27 NAME:run_clock VALUE:1   RADIX:UVM_HEX BITS=1}
  SET_ATTR @0 {TXH:27 NAME:transaction_id VALUE:1   RADIX:UVM_DEC BITS=32}
END @0 {TXH:27 TIME=0}
FREE @0 {TXH:27}
END @0 {TXH:26 TIME=0}
FREE @0 {TXH:26}
BEGIN @0 {TXH:28 STREAM:1 NAME:channel_rx_resp_seq TIME=0  TYPE="Begin_No_Parent, Link" LABEL:"" DESC=""}
BEGIN @0 {TXH:29 STREAM:3 NAME:channel_rx_resp_seq TIME=0  TYPE="Begin_No_Parent, Link" LABEL:"" DESC=""}
BEGIN @0 {TXH:30 STREAM:5 NAME:channel_rx_resp_seq TIME=0  TYPE="Begin_No_Parent, Link" LABEL:"" DESC=""}
BEGIN @0 {TXH:31 STREAM:7 NAME:clk10_rst5_seq TIME=0  TYPE="Begin_No_Parent, Link" LABEL:"" DESC=""}
BEGIN @0 {TXH:32 STREAM:7 NAME:cr TIME=0  TYPE="Begin_End, Link" LABEL:"" DESC=""}
  LINK @0 {TXH1:31 TXH2:32 RELATION=child}
BEGIN @0 {TXH:33 STREAM:7 NAME:req TIME=0  TYPE="Begin_End, Link" LABEL:"" DESC=""}
  LINK @0 {TXH1:32 TXH2:33 RELATION=child}
  SET_ATTR @0 {TXH:33 NAME:clock_period VALUE:10   RADIX:UVM_HEX BITS=32}
  SET_ATTR @0 {TXH:33 NAME:reset_delay VALUE:5   RADIX:UVM_HEX BITS=32}
  SET_ATTR @0 {TXH:33 NAME:clock_cycles_to_count VALUE:0   RADIX:UVM_HEX BITS=32}
  SET_ATTR @0 {TXH:33 NAME:cycle_count_must_happen VALUE:0   RADIX:UVM_HEX BITS=1}
  SET_ATTR @0 {TXH:33 NAME:run_clock VALUE:1   RADIX:UVM_HEX BITS=1}
  SET_ATTR @0 {TXH:33 NAME:transaction_id VALUE:1   RADIX:UVM_DEC BITS=32}
END @0 {TXH:33 TIME=0}
FREE @0 {TXH:33}
END @0 {TXH:32 TIME=0}
FREE @0 {TXH:32}
BEGIN @0 {TXH:34 STREAM:1 NAME:channel_rx_resp_seq TIME=0  TYPE="Begin_No_Parent, Link" LABEL:"" DESC=""}
BEGIN @0 {TXH:35 STREAM:3 NAME:channel_rx_resp_seq TIME=0  TYPE="Begin_No_Parent, Link" LABEL:"" DESC=""}
BEGIN @0 {TXH:36 STREAM:5 NAME:channel_rx_resp_seq TIME=0  TYPE="Begin_No_Parent, Link" LABEL:"" DESC=""}
BEGIN @0 {TXH:37 STREAM:7 NAME:clk10_rst5_seq TIME=0  TYPE="Begin_No_Parent, Link" LABEL:"" DESC=""}
BEGIN @0 {TXH:38 STREAM:7 NAME:cr TIME=0  TYPE="Begin_End, Link" LABEL:"" DESC=""}
  LINK @0 {TXH1:37 TXH2:38 RELATION=child}
BEGIN @0 {TXH:39 STREAM:7 NAME:req TIME=0  TYPE="Begin_End, Link" LABEL:"" DESC=""}
  LINK @0 {TXH1:38 TXH2:39 RELATION=child}
  SET_ATTR @0 {TXH:39 NAME:clock_period VALUE:10   RADIX:UVM_HEX BITS=32}
  SET_ATTR @0 {TXH:39 NAME:reset_delay VALUE:5   RADIX:UVM_HEX BITS=32}
  SET_ATTR @0 {TXH:39 NAME:clock_cycles_to_count VALUE:0   RADIX:UVM_HEX BITS=32}
  SET_ATTR @0 {TXH:39 NAME:cycle_count_must_happen VALUE:0   RADIX:UVM_HEX BITS=1}
  SET_ATTR @0 {TXH:39 NAME:run_clock VALUE:1   RADIX:UVM_HEX BITS=1}
  SET_ATTR @0 {TXH:39 NAME:transaction_id VALUE:1   RADIX:UVM_DEC BITS=32}
END @0 {TXH:39 TIME=0}
FREE @0 {TXH:39}
END @0 {TXH:38 TIME=0}
FREE @0 {TXH:38}
BEGIN @0 {TXH:40 STREAM:1 NAME:channel_rx_resp_seq TIME=0  TYPE="Begin_No_Parent, Link" LABEL:"" DESC=""}
BEGIN @0 {TXH:41 STREAM:3 NAME:channel_rx_resp_seq TIME=0  TYPE="Begin_No_Parent, Link" LABEL:"" DESC=""}
BEGIN @0 {TXH:42 STREAM:5 NAME:channel_rx_resp_seq TIME=0  TYPE="Begin_No_Parent, Link" LABEL:"" DESC=""}
BEGIN @0 {TXH:43 STREAM:7 NAME:clk10_rst5_seq TIME=0  TYPE="Begin_No_Parent, Link" LABEL:"" DESC=""}
BEGIN @0 {TXH:44 STREAM:7 NAME:cr TIME=0  TYPE="Begin_End, Link" LABEL:"" DESC=""}
  LINK @0 {TXH1:43 TXH2:44 RELATION=child}
BEGIN @0 {TXH:45 STREAM:7 NAME:req TIME=0  TYPE="Begin_End, Link" LABEL:"" DESC=""}
  LINK @0 {TXH1:44 TXH2:45 RELATION=child}
  SET_ATTR @0 {TXH:45 NAME:clock_period VALUE:10   RADIX:UVM_HEX BITS=32}
  SET_ATTR @0 {TXH:45 NAME:reset_delay VALUE:5   RADIX:UVM_HEX BITS=32}
  SET_ATTR @0 {TXH:45 NAME:clock_cycles_to_count VALUE:0   RADIX:UVM_HEX BITS=32}
  SET_ATTR @0 {TXH:45 NAME:cycle_count_must_happen VALUE:0   RADIX:UVM_HEX BITS=1}
  SET_ATTR @0 {TXH:45 NAME:run_clock VALUE:1   RADIX:UVM_HEX BITS=1}
  SET_ATTR @0 {TXH:45 NAME:transaction_id VALUE:1   RADIX:UVM_DEC BITS=32}
END @0 {TXH:45 TIME=0}
FREE @0 {TXH:45}
END @0 {TXH:44 TIME=0}
FREE @0 {TXH:44}
BEGIN @0 {TXH:46 STREAM:1 NAME:channel_rx_resp_seq TIME=0  TYPE="Begin_No_Parent, Link" LABEL:"" DESC=""}
BEGIN @0 {TXH:47 STREAM:3 NAME:channel_rx_resp_seq TIME=0  TYPE="Begin_No_Parent, Link" LABEL:"" DESC=""}
BEGIN @0 {TXH:48 STREAM:5 NAME:channel_rx_resp_seq TIME=0  TYPE="Begin_No_Parent, Link" LABEL:"" DESC=""}
BEGIN @0 {TXH:49 STREAM:7 NAME:clk10_rst5_seq TIME=0  TYPE="Begin_No_Parent, Link" LABEL:"" DESC=""}
BEGIN @0 {TXH:50 STREAM:7 NAME:cr TIME=0  TYPE="Begin_End, Link" LABEL:"" DESC=""}
  LINK @0 {TXH1:49 TXH2:50 RELATION=child}
BEGIN @0 {TXH:51 STREAM:7 NAME:req TIME=0  TYPE="Begin_End, Link" LABEL:"" DESC=""}
  LINK @0 {TXH1:50 TXH2:51 RELATION=child}
  SET_ATTR @0 {TXH:51 NAME:clock_period VALUE:10   RADIX:UVM_HEX BITS=32}
  SET_ATTR @0 {TXH:51 NAME:reset_delay VALUE:5   RADIX:UVM_HEX BITS=32}
  SET_ATTR @0 {TXH:51 NAME:clock_cycles_to_count VALUE:0   RADIX:UVM_HEX BITS=32}
  SET_ATTR @0 {TXH:51 NAME:cycle_count_must_happen VALUE:0   RADIX:UVM_HEX BITS=1}
  SET_ATTR @0 {TXH:51 NAME:run_clock VALUE:1   RADIX:UVM_HEX BITS=1}
  SET_ATTR @0 {TXH:51 NAME:transaction_id VALUE:1   RADIX:UVM_DEC BITS=32}
END @0 {TXH:51 TIME=0}
FREE @0 {TXH:51}
END @0 {TXH:50 TIME=0}
FREE @0 {TXH:50}
BEGIN @0 {TXH:52 STREAM:1 NAME:channel_rx_resp_seq TIME=0  TYPE="Begin_No_Parent, Link" LABEL:"" DESC=""}
BEGIN @0 {TXH:53 STREAM:3 NAME:channel_rx_resp_seq TIME=0  TYPE="Begin_No_Parent, Link" LABEL:"" DESC=""}
BEGIN @0 {TXH:54 STREAM:5 NAME:channel_rx_resp_seq TIME=0  TYPE="Begin_No_Parent, Link" LABEL:"" DESC=""}
BEGIN @0 {TXH:55 STREAM:7 NAME:clk10_rst5_seq TIME=0  TYPE="Begin_No_Parent, Link" LABEL:"" DESC=""}
BEGIN @0 {TXH:56 STREAM:7 NAME:cr TIME=0  TYPE="Begin_End, Link" LABEL:"" DESC=""}
  LINK @0 {TXH1:55 TXH2:56 RELATION=child}
BEGIN @0 {TXH:57 STREAM:7 NAME:req TIME=0  TYPE="Begin_End, Link" LABEL:"" DESC=""}
  LINK @0 {TXH1:56 TXH2:57 RELATION=child}
  SET_ATTR @0 {TXH:57 NAME:clock_period VALUE:10   RADIX:UVM_HEX BITS=32}
  SET_ATTR @0 {TXH:57 NAME:reset_delay VALUE:5   RADIX:UVM_HEX BITS=32}
  SET_ATTR @0 {TXH:57 NAME:clock_cycles_to_count VALUE:0   RADIX:UVM_HEX BITS=32}
  SET_ATTR @0 {TXH:57 NAME:cycle_count_must_happen VALUE:0   RADIX:UVM_HEX BITS=1}
  SET_ATTR @0 {TXH:57 NAME:run_clock VALUE:1   RADIX:UVM_HEX BITS=1}
  SET_ATTR @0 {TXH:57 NAME:transaction_id VALUE:1   RADIX:UVM_DEC BITS=32}
END @0 {TXH:57 TIME=0}
FREE @0 {TXH:57}
END @0 {TXH:56 TIME=0}
FREE @0 {TXH:56}
BEGIN @0 {TXH:58 STREAM:1 NAME:channel_rx_resp_seq TIME=0  TYPE="Begin_No_Parent, Link" LABEL:"" DESC=""}
BEGIN @0 {TXH:59 STREAM:3 NAME:channel_rx_resp_seq TIME=0  TYPE="Begin_No_Parent, Link" LABEL:"" DESC=""}
BEGIN @0 {TXH:60 STREAM:5 NAME:channel_rx_resp_seq TIME=0  TYPE="Begin_No_Parent, Link" LABEL:"" DESC=""}
BEGIN @0 {TXH:61 STREAM:7 NAME:clk10_rst5_seq TIME=0  TYPE="Begin_No_Parent, Link" LABEL:"" DESC=""}
BEGIN @0 {TXH:62 STREAM:7 NAME:cr TIME=0  TYPE="Begin_End, Link" LABEL:"" DESC=""}
  LINK @0 {TXH1:61 TXH2:62 RELATION=child}
BEGIN @0 {TXH:63 STREAM:7 NAME:req TIME=0  TYPE="Begin_End, Link" LABEL:"" DESC=""}
  LINK @0 {TXH1:62 TXH2:63 RELATION=child}
  SET_ATTR @0 {TXH:63 NAME:clock_period VALUE:10   RADIX:UVM_HEX BITS=32}
  SET_ATTR @0 {TXH:63 NAME:reset_delay VALUE:5   RADIX:UVM_HEX BITS=32}
  SET_ATTR @0 {TXH:63 NAME:clock_cycles_to_count VALUE:0   RADIX:UVM_HEX BITS=32}
  SET_ATTR @0 {TXH:63 NAME:cycle_count_must_happen VALUE:0   RADIX:UVM_HEX BITS=1}
  SET_ATTR @0 {TXH:63 NAME:run_clock VALUE:1   RADIX:UVM_HEX BITS=1}
  SET_ATTR @0 {TXH:63 NAME:transaction_id VALUE:1   RADIX:UVM_DEC BITS=32}
END @0 {TXH:63 TIME=0}
FREE @0 {TXH:63}
END @0 {TXH:62 TIME=0}
FREE @0 {TXH:62}
BEGIN @0 {TXH:64 STREAM:1 NAME:channel_rx_resp_seq TIME=0  TYPE="Begin_No_Parent, Link" LABEL:"" DESC=""}
BEGIN @0 {TXH:65 STREAM:3 NAME:channel_rx_resp_seq TIME=0  TYPE="Begin_No_Parent, Link" LABEL:"" DESC=""}
BEGIN @0 {TXH:66 STREAM:5 NAME:channel_rx_resp_seq TIME=0  TYPE="Begin_No_Parent, Link" LABEL:"" DESC=""}
BEGIN @0 {TXH:67 STREAM:7 NAME:clk10_rst5_seq TIME=0  TYPE="Begin_No_Parent, Link" LABEL:"" DESC=""}
BEGIN @0 {TXH:68 STREAM:7 NAME:cr TIME=0  TYPE="Begin_End, Link" LABEL:"" DESC=""}
  LINK @0 {TXH1:67 TXH2:68 RELATION=child}
BEGIN @0 {TXH:69 STREAM:7 NAME:req TIME=0  TYPE="Begin_End, Link" LABEL:"" DESC=""}
  LINK @0 {TXH1:68 TXH2:69 RELATION=child}
  SET_ATTR @0 {TXH:69 NAME:clock_period VALUE:10   RADIX:UVM_HEX BITS=32}
  SET_ATTR @0 {TXH:69 NAME:reset_delay VALUE:5   RADIX:UVM_HEX BITS=32}
  SET_ATTR @0 {TXH:69 NAME:clock_cycles_to_count VALUE:0   RADIX:UVM_HEX BITS=32}
  SET_ATTR @0 {TXH:69 NAME:cycle_count_must_happen VALUE:0   RADIX:UVM_HEX BITS=1}
  SET_ATTR @0 {TXH:69 NAME:run_clock VALUE:1   RADIX:UVM_HEX BITS=1}
  SET_ATTR @0 {TXH:69 NAME:transaction_id VALUE:1   RADIX:UVM_DEC BITS=32}
END @0 {TXH:69 TIME=0}
FREE @0 {TXH:69}
END @0 {TXH:68 TIME=0}
FREE @0 {TXH:68}
BEGIN @0 {TXH:70 STREAM:1 NAME:channel_rx_resp_seq TIME=0  TYPE="Begin_No_Parent, Link" LABEL:"" DESC=""}
BEGIN @0 {TXH:71 STREAM:3 NAME:channel_rx_resp_seq TIME=0  TYPE="Begin_No_Parent, Link" LABEL:"" DESC=""}
BEGIN @0 {TXH:72 STREAM:5 NAME:channel_rx_resp_seq TIME=0  TYPE="Begin_No_Parent, Link" LABEL:"" DESC=""}
BEGIN @0 {TXH:73 STREAM:7 NAME:clk10_rst5_seq TIME=0  TYPE="Begin_No_Parent, Link" LABEL:"" DESC=""}
BEGIN @0 {TXH:74 STREAM:7 NAME:cr TIME=0  TYPE="Begin_End, Link" LABEL:"" DESC=""}
  LINK @0 {TXH1:73 TXH2:74 RELATION=child}
BEGIN @0 {TXH:75 STREAM:7 NAME:req TIME=0  TYPE="Begin_End, Link" LABEL:"" DESC=""}
  LINK @0 {TXH1:74 TXH2:75 RELATION=child}
  SET_ATTR @0 {TXH:75 NAME:clock_period VALUE:10   RADIX:UVM_HEX BITS=32}
  SET_ATTR @0 {TXH:75 NAME:reset_delay VALUE:5   RADIX:UVM_HEX BITS=32}
  SET_ATTR @0 {TXH:75 NAME:clock_cycles_to_count VALUE:0   RADIX:UVM_HEX BITS=32}
  SET_ATTR @0 {TXH:75 NAME:cycle_count_must_happen VALUE:0   RADIX:UVM_HEX BITS=1}
  SET_ATTR @0 {TXH:75 NAME:run_clock VALUE:1   RADIX:UVM_HEX BITS=1}
  SET_ATTR @0 {TXH:75 NAME:transaction_id VALUE:1   RADIX:UVM_DEC BITS=32}
END @0 {TXH:75 TIME=0}
FREE @0 {TXH:75}
END @0 {TXH:74 TIME=0}
FREE @0 {TXH:74}
BEGIN @0 {TXH:76 STREAM:1 NAME:channel_rx_resp_seq TIME=0  TYPE="Begin_No_Parent, Link" LABEL:"" DESC=""}
BEGIN @0 {TXH:77 STREAM:3 NAME:channel_rx_resp_seq TIME=0  TYPE="Begin_No_Parent, Link" LABEL:"" DESC=""}
BEGIN @0 {TXH:78 STREAM:5 NAME:channel_rx_resp_seq TIME=0  TYPE="Begin_No_Parent, Link" LABEL:"" DESC=""}
BEGIN @0 {TXH:79 STREAM:7 NAME:clk10_rst5_seq TIME=0  TYPE="Begin_No_Parent, Link" LABEL:"" DESC=""}
BEGIN @0 {TXH:80 STREAM:7 NAME:cr TIME=0  TYPE="Begin_End, Link" LABEL:"" DESC=""}
  LINK @0 {TXH1:79 TXH2:80 RELATION=child}
BEGIN @0 {TXH:81 STREAM:7 NAME:req TIME=0  TYPE="Begin_End, Link" LABEL:"" DESC=""}
  LINK @0 {TXH1:80 TXH2:81 RELATION=child}
  SET_ATTR @0 {TXH:81 NAME:clock_period VALUE:10   RADIX:UVM_HEX BITS=32}
  SET_ATTR @0 {TXH:81 NAME:reset_delay VALUE:5   RADIX:UVM_HEX BITS=32}
  SET_ATTR @0 {TXH:81 NAME:clock_cycles_to_count VALUE:0   RADIX:UVM_HEX BITS=32}
  SET_ATTR @0 {TXH:81 NAME:cycle_count_must_happen VALUE:0   RADIX:UVM_HEX BITS=1}
  SET_ATTR @0 {TXH:81 NAME:run_clock VALUE:1   RADIX:UVM_HEX BITS=1}
  SET_ATTR @0 {TXH:81 NAME:transaction_id VALUE:1   RADIX:UVM_DEC BITS=32}
END @0 {TXH:81 TIME=0}
FREE @0 {TXH:81}
END @0 {TXH:80 TIME=0}
FREE @0 {TXH:80}
BEGIN @0 {TXH:82 STREAM:1 NAME:channel_rx_resp_seq TIME=0  TYPE="Begin_No_Parent, Link" LABEL:"" DESC=""}
BEGIN @0 {TXH:83 STREAM:3 NAME:channel_rx_resp_seq TIME=0  TYPE="Begin_No_Parent, Link" LABEL:"" DESC=""}
BEGIN @0 {TXH:84 STREAM:5 NAME:channel_rx_resp_seq TIME=0  TYPE="Begin_No_Parent, Link" LABEL:"" DESC=""}
BEGIN @0 {TXH:85 STREAM:7 NAME:clk10_rst5_seq TIME=0  TYPE="Begin_No_Parent, Link" LABEL:"" DESC=""}
BEGIN @0 {TXH:86 STREAM:7 NAME:cr TIME=0  TYPE="Begin_End, Link" LABEL:"" DESC=""}
  LINK @0 {TXH1:85 TXH2:86 RELATION=child}
BEGIN @0 {TXH:87 STREAM:7 NAME:req TIME=0  TYPE="Begin_End, Link" LABEL:"" DESC=""}
  LINK @0 {TXH1:86 TXH2:87 RELATION=child}
  SET_ATTR @0 {TXH:87 NAME:clock_period VALUE:10   RADIX:UVM_HEX BITS=32}
  SET_ATTR @0 {TXH:87 NAME:reset_delay VALUE:5   RADIX:UVM_HEX BITS=32}
  SET_ATTR @0 {TXH:87 NAME:clock_cycles_to_count VALUE:0   RADIX:UVM_HEX BITS=32}
  SET_ATTR @0 {TXH:87 NAME:cycle_count_must_happen VALUE:0   RADIX:UVM_HEX BITS=1}
  SET_ATTR @0 {TXH:87 NAME:run_clock VALUE:1   RADIX:UVM_HEX BITS=1}
  SET_ATTR @0 {TXH:87 NAME:transaction_id VALUE:1   RADIX:UVM_DEC BITS=32}
END @0 {TXH:87 TIME=0}
FREE @0 {TXH:87}
END @0 {TXH:86 TIME=0}
FREE @0 {TXH:86}
BEGIN @550 {TXH:88 STREAM:12 NAME:transaction TIME=0  TYPE="Begin_End, Link" LABEL:"" DESC=""}
  LINK @550 {TXH1:14 TXH2:88 RELATION=child}
  CREATE_STREAM @600 {NAME:HBUS_Master_Transaction T:TVM SCOPE:uvm_test_top.tb.hbus.masters[0].driver STREAM:89}
BEGIN @600 {TXH:90 STREAM:89 NAME:transaction TIME=0  TYPE="Begin_End, Link" LABEL:"" DESC=""}
  LINK @600 {TXH1:14 TXH2:90 RELATION=child}
  CREATE_STREAM @650 {NAME:HBUS_Monitor_Transaction T:TVM SCOPE:uvm_test_top.tb.hbus.monitor STREAM:91}
BEGIN @650 {TXH:92 STREAM:91 NAME:tr_collect TIME=0  TYPE="Begin_No_Parent, Link" LABEL:"" DESC=""}
  SET_ATTR @700 {TXH:90 NAME:haddr VALUE:4096   RADIX:UVM_HEX BITS=16}
  SET_ATTR @700 {TXH:90 NAME:hdata VALUE:20   RADIX:UVM_HEX BITS=8}
  SET_ATTR @700 {TXH:90 NAME:hwr_rd VALUE:341234020238224223982661   RADIX:UVM_STRING BITS=80}
  SET_ATTR @700 {TXH:90 NAME:wait_between_cycle VALUE:2   RADIX:UVM_HEX BITS=32}
  SET_ATTR @700 {TXH:90 NAME:transaction_id VALUE:1   RADIX:UVM_DEC BITS=32}
END @700 {TXH:90 TIME=0}
FREE @700 {TXH:90}
  SET_ATTR @700 {TXH:88 NAME:haddr VALUE:4096   RADIX:UVM_HEX BITS=16}
  SET_ATTR @700 {TXH:88 NAME:hdata VALUE:20   RADIX:UVM_HEX BITS=8}
  SET_ATTR @700 {TXH:88 NAME:hwr_rd VALUE:341234020238224223982661   RADIX:UVM_STRING BITS=80}
  SET_ATTR @700 {TXH:88 NAME:wait_between_cycle VALUE:2   RADIX:UVM_HEX BITS=32}
  SET_ATTR @700 {TXH:88 NAME:transaction_id VALUE:1   RADIX:UVM_DEC BITS=32}
END @700 {TXH:88 TIME=0}
FREE @700 {TXH:88}
BEGIN @700 {TXH:93 STREAM:12 NAME:transaction TIME=0  TYPE="Begin_End, Link" LABEL:"" DESC=""}
  LINK @700 {TXH1:14 TXH2:93 RELATION=child}
  SET_ATTR @750 {TXH:92 NAME:haddr VALUE:4096   RADIX:UVM_HEX BITS=16}
  SET_ATTR @750 {TXH:92 NAME:hdata VALUE:20   RADIX:UVM_HEX BITS=8}
  SET_ATTR @750 {TXH:92 NAME:hwr_rd VALUE:341234020238224223982661   RADIX:UVM_STRING BITS=80}
  SET_ATTR @750 {TXH:92 NAME:wait_between_cycle VALUE:0   RADIX:UVM_HEX BITS=32}
END @750 {TXH:92 TIME=0}
FREE @750 {TXH:92}
BEGIN @800 {TXH:94 STREAM:89 NAME:transaction TIME=0  TYPE="Begin_End, Link" LABEL:"" DESC=""}
  LINK @800 {TXH1:14 TXH2:94 RELATION=child}
BEGIN @850 {TXH:95 STREAM:91 NAME:tr_collect TIME=0  TYPE="Begin_No_Parent, Link" LABEL:"" DESC=""}
  SET_ATTR @900 {TXH:94 NAME:haddr VALUE:4097   RADIX:UVM_HEX BITS=16}
  SET_ATTR @900 {TXH:94 NAME:hdata VALUE:1   RADIX:UVM_HEX BITS=8}
  SET_ATTR @900 {TXH:94 NAME:hwr_rd VALUE:341234020238224223982661   RADIX:UVM_STRING BITS=80}
  SET_ATTR @900 {TXH:94 NAME:wait_between_cycle VALUE:3   RADIX:UVM_HEX BITS=32}
  SET_ATTR @900 {TXH:94 NAME:transaction_id VALUE:2   RADIX:UVM_DEC BITS=32}
END @900 {TXH:94 TIME=0}
FREE @900 {TXH:94}
  SET_ATTR @900 {TXH:93 NAME:haddr VALUE:4097   RADIX:UVM_HEX BITS=16}
  SET_ATTR @900 {TXH:93 NAME:hdata VALUE:1   RADIX:UVM_HEX BITS=8}
  SET_ATTR @900 {TXH:93 NAME:hwr_rd VALUE:341234020238224223982661   RADIX:UVM_STRING BITS=80}
  SET_ATTR @900 {TXH:93 NAME:wait_between_cycle VALUE:3   RADIX:UVM_HEX BITS=32}
  SET_ATTR @900 {TXH:93 NAME:transaction_id VALUE:2   RADIX:UVM_DEC BITS=32}
END @900 {TXH:93 TIME=0}
FREE @900 {TXH:93}
END @900 {TXH:14 TIME=0}
FREE @900 {TXH:14}
END @900 {TXH:13 TIME=0}
FREE @900 {TXH:13}
BEGIN @900 {TXH:96 STREAM:12 NAME:h_read TIME=0  TYPE="Begin_End, Link" LABEL:"" DESC=""}
  LINK @900 {TXH1:10 TXH2:96 RELATION=child}
BEGIN @900 {TXH:97 STREAM:12 NAME:transaction TIME=0  TYPE="Begin_End, Link" LABEL:"" DESC=""}
  LINK @900 {TXH1:96 TXH2:97 RELATION=child}
  SET_ATTR @950 {TXH:95 NAME:haddr VALUE:4097   RADIX:UVM_HEX BITS=16}
  SET_ATTR @950 {TXH:95 NAME:hdata VALUE:1   RADIX:UVM_HEX BITS=8}
  SET_ATTR @950 {TXH:95 NAME:hwr_rd VALUE:341234020238224223982661   RADIX:UVM_STRING BITS=80}
  SET_ATTR @950 {TXH:95 NAME:wait_between_cycle VALUE:0   RADIX:UVM_HEX BITS=32}
END @950 {TXH:95 TIME=0}
FREE @950 {TXH:95}
BEGIN @1000 {TXH:98 STREAM:89 NAME:transaction TIME=0  TYPE="Begin_End, Link" LABEL:"" DESC=""}
  LINK @1000 {TXH1:96 TXH2:98 RELATION=child}
BEGIN @1050 {TXH:99 STREAM:91 NAME:tr_collect TIME=0  TYPE="Begin_No_Parent, Link" LABEL:"" DESC=""}
  SET_ATTR @1200 {TXH:98 NAME:haddr VALUE:4096   RADIX:UVM_HEX BITS=16}
  SET_ATTR @1200 {TXH:98 NAME:hdata VALUE:20   RADIX:UVM_HEX BITS=8}
  SET_ATTR @1200 {TXH:98 NAME:hwr_rd VALUE:1332945391555478634820   RADIX:UVM_STRING BITS=72}
  SET_ATTR @1200 {TXH:98 NAME:wait_between_cycle VALUE:2   RADIX:UVM_HEX BITS=32}
  SET_ATTR @1200 {TXH:98 NAME:transaction_id VALUE:1   RADIX:UVM_DEC BITS=32}
END @1200 {TXH:98 TIME=0}
FREE @1200 {TXH:98}
  SET_ATTR @1200 {TXH:97 NAME:haddr VALUE:4096   RADIX:UVM_HEX BITS=16}
  SET_ATTR @1200 {TXH:97 NAME:hdata VALUE:20   RADIX:UVM_HEX BITS=8}
  SET_ATTR @1200 {TXH:97 NAME:hwr_rd VALUE:1332945391555478634820   RADIX:UVM_STRING BITS=72}
  SET_ATTR @1200 {TXH:97 NAME:wait_between_cycle VALUE:2   RADIX:UVM_HEX BITS=32}
  SET_ATTR @1200 {TXH:97 NAME:transaction_id VALUE:1   RADIX:UVM_DEC BITS=32}
END @1200 {TXH:97 TIME=0}
FREE @1200 {TXH:97}
BEGIN @1200 {TXH:100 STREAM:12 NAME:transaction TIME=0  TYPE="Begin_End, Link" LABEL:"" DESC=""}
  LINK @1200 {TXH1:96 TXH2:100 RELATION=child}
  SET_ATTR @1250 {TXH:99 NAME:haddr VALUE:4096   RADIX:UVM_HEX BITS=16}
  SET_ATTR @1250 {TXH:99 NAME:hdata VALUE:20   RADIX:UVM_HEX BITS=8}
  SET_ATTR @1250 {TXH:99 NAME:hwr_rd VALUE:1332945391555478634820   RADIX:UVM_STRING BITS=72}
  SET_ATTR @1250 {TXH:99 NAME:wait_between_cycle VALUE:0   RADIX:UVM_HEX BITS=32}
END @1250 {TXH:99 TIME=0}
FREE @1250 {TXH:99}
BEGIN @1300 {TXH:101 STREAM:89 NAME:transaction TIME=0  TYPE="Begin_End, Link" LABEL:"" DESC=""}
  LINK @1300 {TXH1:96 TXH2:101 RELATION=child}
BEGIN @1350 {TXH:102 STREAM:91 NAME:tr_collect TIME=0  TYPE="Begin_No_Parent, Link" LABEL:"" DESC=""}
  SET_ATTR @1500 {TXH:101 NAME:haddr VALUE:4097   RADIX:UVM_HEX BITS=16}
  SET_ATTR @1500 {TXH:101 NAME:hdata VALUE:1   RADIX:UVM_HEX BITS=8}
  SET_ATTR @1500 {TXH:101 NAME:hwr_rd VALUE:1332945391555478634820   RADIX:UVM_STRING BITS=72}
  SET_ATTR @1500 {TXH:101 NAME:wait_between_cycle VALUE:1   RADIX:UVM_HEX BITS=32}
  SET_ATTR @1500 {TXH:101 NAME:transaction_id VALUE:2   RADIX:UVM_DEC BITS=32}
END @1500 {TXH:101 TIME=0}
FREE @1500 {TXH:101}
  SET_ATTR @1500 {TXH:100 NAME:haddr VALUE:4097   RADIX:UVM_HEX BITS=16}
  SET_ATTR @1500 {TXH:100 NAME:hdata VALUE:1   RADIX:UVM_HEX BITS=8}
  SET_ATTR @1500 {TXH:100 NAME:hwr_rd VALUE:1332945391555478634820   RADIX:UVM_STRING BITS=72}
  SET_ATTR @1500 {TXH:100 NAME:wait_between_cycle VALUE:1   RADIX:UVM_HEX BITS=32}
  SET_ATTR @1500 {TXH:100 NAME:transaction_id VALUE:2   RADIX:UVM_DEC BITS=32}
END @1500 {TXH:100 TIME=0}
FREE @1500 {TXH:100}
END @1500 {TXH:96 TIME=0}
FREE @1500 {TXH:96}
  CREATE_STREAM @1500 {NAME:router_simple_mcseq T:TVM SCOPE:uvm_test_top.tb.uvc0.agt.seqr STREAM:103}
BEGIN @1500 {TXH:104 STREAM:103 NAME:yapp_012 TIME=0  TYPE="Begin_End, Link" LABEL:"" DESC=""}
  LINK @1500 {TXH1:10 TXH2:104 RELATION=child}
BEGIN @1500 {TXH:105 STREAM:103 NAME:req TIME=0  TYPE="Begin_End, Link" LABEL:"" DESC=""}
  LINK @1500 {TXH1:104 TXH2:105 RELATION=child}
  SET_ATTR @1550 {TXH:102 NAME:haddr VALUE:4097   RADIX:UVM_HEX BITS=16}
  SET_ATTR @1550 {TXH:102 NAME:hdata VALUE:1   RADIX:UVM_HEX BITS=8}
  SET_ATTR @1550 {TXH:102 NAME:hwr_rd VALUE:1332945391555478634820   RADIX:UVM_STRING BITS=72}
  SET_ATTR @1550 {TXH:102 NAME:wait_between_cycle VALUE:0   RADIX:UVM_HEX BITS=32}
END @1550 {TXH:102 TIME=0}
FREE @1550 {TXH:102}
END @3000 {TXH:8 TIME=0}
FREE @3000 {TXH:8}
END @3000 {TXH:85 TIME=0}
FREE @3000 {TXH:85}
  CREATE_STREAM @3300 {NAME:Driver_YAPP_Packet T:TVM SCOPE:uvm_test_top.tb.uvc0.agt.drv STREAM:106}
BEGIN @3300 {TXH:107 STREAM:106 NAME:req TIME=0  TYPE="Begin_End, Link" LABEL:"" DESC=""}
  LINK @3300 {TXH1:104 TXH2:107 RELATION=child}
  CREATE_STREAM @3350 {NAME:Monitor_YAPP_Packet T:TVM SCOPE:uvm_test_top.tb.uvc0.agt.mon STREAM:108}
BEGIN @3350 {TXH:109 STREAM:108 NAME:pkt TIME=0  TYPE="Begin_No_Parent, Link" LABEL:"" DESC=""}
  SET_ATTR @6350 {TXH:109 NAME:length VALUE:29   RADIX:UVM_DEC BITS=6}
  SET_ATTR @6350 {TXH:109 NAME:addr VALUE:0   RADIX:UVM_HEX BITS=2}
  SET_ATTR @6350 {TXH:109 NAME:payload[0] VALUE:88   RADIX:UVM_HEX BITS=8}
  SET_ATTR @6350 {TXH:109 NAME:payload[1] VALUE:78   RADIX:UVM_HEX BITS=8}
  SET_ATTR @6350 {TXH:109 NAME:payload[2] VALUE:79   RADIX:UVM_HEX BITS=8}
  SET_ATTR @6350 {TXH:109 NAME:payload[3] VALUE:17   RADIX:UVM_HEX BITS=8}
  SET_ATTR @6350 {TXH:109 NAME:payload[4] VALUE:87   RADIX:UVM_HEX BITS=8}
  SET_ATTR @6350 {TXH:109 NAME:payload[24] VALUE:180   RADIX:UVM_HEX BITS=8}
  SET_ATTR @6350 {TXH:109 NAME:payload[25] VALUE:217   RADIX:UVM_HEX BITS=8}
  SET_ATTR @6350 {TXH:109 NAME:payload[26] VALUE:161   RADIX:UVM_HEX BITS=8}
  SET_ATTR @6350 {TXH:109 NAME:payload[27] VALUE:177   RADIX:UVM_HEX BITS=8}
  SET_ATTR @6350 {TXH:109 NAME:payload[28] VALUE:152   RADIX:UVM_HEX BITS=8}
  SET_ATTR @6350 {TXH:109 NAME:parity VALUE:91   RADIX:UVM_HEX BITS=8}
  SET_ATTR @6350 {TXH:109 NAME:parity_type VALUE:125045596921120607787644025   RADIX:UVM_STRING BITS=88}
  SET_ATTR @6350 {TXH:109 NAME:packet_delay VALUE:0   RADIX:UVM_HEX BITS=32}
END @6350 {TXH:109 TIME=0}
FREE @6350 {TXH:109}
  SET_ATTR @6400 {TXH:107 NAME:length VALUE:29   RADIX:UVM_DEC BITS=6}
  SET_ATTR @6400 {TXH:107 NAME:addr VALUE:0   RADIX:UVM_HEX BITS=2}
  SET_ATTR @6400 {TXH:107 NAME:payload[0] VALUE:88   RADIX:UVM_HEX BITS=8}
  SET_ATTR @6400 {TXH:107 NAME:payload[1] VALUE:78   RADIX:UVM_HEX BITS=8}
  SET_ATTR @6400 {TXH:107 NAME:payload[2] VALUE:79   RADIX:UVM_HEX BITS=8}
  SET_ATTR @6400 {TXH:107 NAME:payload[3] VALUE:17   RADIX:UVM_HEX BITS=8}
  SET_ATTR @6400 {TXH:107 NAME:payload[4] VALUE:87   RADIX:UVM_HEX BITS=8}
  SET_ATTR @6400 {TXH:107 NAME:payload[24] VALUE:180   RADIX:UVM_HEX BITS=8}
  SET_ATTR @6400 {TXH:107 NAME:payload[25] VALUE:217   RADIX:UVM_HEX BITS=8}
  SET_ATTR @6400 {TXH:107 NAME:payload[26] VALUE:161   RADIX:UVM_HEX BITS=8}
  SET_ATTR @6400 {TXH:107 NAME:payload[27] VALUE:177   RADIX:UVM_HEX BITS=8}
  SET_ATTR @6400 {TXH:107 NAME:payload[28] VALUE:152   RADIX:UVM_HEX BITS=8}
  SET_ATTR @6400 {TXH:107 NAME:parity VALUE:91   RADIX:UVM_HEX BITS=8}
  SET_ATTR @6400 {TXH:107 NAME:parity_type VALUE:125045596921120607787644025   RADIX:UVM_STRING BITS=88}
  SET_ATTR @6400 {TXH:107 NAME:packet_delay VALUE:17   RADIX:UVM_HEX BITS=32}
  SET_ATTR @6400 {TXH:107 NAME:transaction_id VALUE:1   RADIX:UVM_DEC BITS=32}
END @6400 {TXH:107 TIME=0}
FREE @6400 {TXH:107}
  SET_ATTR @6400 {TXH:105 NAME:length VALUE:29   RADIX:UVM_DEC BITS=6}
  SET_ATTR @6400 {TXH:105 NAME:addr VALUE:0   RADIX:UVM_HEX BITS=2}
  SET_ATTR @6400 {TXH:105 NAME:payload[0] VALUE:88   RADIX:UVM_HEX BITS=8}
  SET_ATTR @6400 {TXH:105 NAME:payload[1] VALUE:78   RADIX:UVM_HEX BITS=8}
  SET_ATTR @6400 {TXH:105 NAME:payload[2] VALUE:79   RADIX:UVM_HEX BITS=8}
  SET_ATTR @6400 {TXH:105 NAME:payload[3] VALUE:17   RADIX:UVM_HEX BITS=8}
  SET_ATTR @6400 {TXH:105 NAME:payload[4] VALUE:87   RADIX:UVM_HEX BITS=8}
  SET_ATTR @6400 {TXH:105 NAME:payload[24] VALUE:180   RADIX:UVM_HEX BITS=8}
  SET_ATTR @6400 {TXH:105 NAME:payload[25] VALUE:217   RADIX:UVM_HEX BITS=8}
  SET_ATTR @6400 {TXH:105 NAME:payload[26] VALUE:161   RADIX:UVM_HEX BITS=8}
  SET_ATTR @6400 {TXH:105 NAME:payload[27] VALUE:177   RADIX:UVM_HEX BITS=8}
  SET_ATTR @6400 {TXH:105 NAME:payload[28] VALUE:152   RADIX:UVM_HEX BITS=8}
  SET_ATTR @6400 {TXH:105 NAME:parity VALUE:91   RADIX:UVM_HEX BITS=8}
  SET_ATTR @6400 {TXH:105 NAME:parity_type VALUE:125045596921120607787644025   RADIX:UVM_STRING BITS=88}
  SET_ATTR @6400 {TXH:105 NAME:packet_delay VALUE:17   RADIX:UVM_HEX BITS=32}
  SET_ATTR @6400 {TXH:105 NAME:transaction_id VALUE:1   RADIX:UVM_DEC BITS=32}
END @6400 {TXH:105 TIME=0}
FREE @6400 {TXH:105}
BEGIN @6400 {TXH:110 STREAM:103 NAME:req TIME=0  TYPE="Begin_End, Link" LABEL:"" DESC=""}
  LINK @6400 {TXH1:104 TXH2:110 RELATION=child}
BEGIN @7200 {TXH:111 STREAM:106 NAME:req TIME=0  TYPE="Begin_End, Link" LABEL:"" DESC=""}
  LINK @7200 {TXH1:104 TXH2:111 RELATION=child}
BEGIN @7250 {TXH:112 STREAM:108 NAME:pkt TIME=0  TYPE="Begin_No_Parent, Link" LABEL:"" DESC=""}
BEGIN @7450 {TXH:113 STREAM:3 NAME:req TIME=0  TYPE="Begin_End, Link" LABEL:"" DESC=""}
  LINK @7450 {TXH1:4 TXH2:113 RELATION=child}
  CREATE_STREAM @8050 {NAME:Channel_1_Packet T:TVM SCOPE:uvm_test_top.tb.ch1.rx_agent.monitor STREAM:114}
BEGIN @8050 {TXH:115 STREAM:114 NAME:packet_collected TIME=0  TYPE="Begin_No_Parent, Link" LABEL:"" DESC=""}
  SET_ATTR @9050 {TXH:112 NAME:length VALUE:17   RADIX:UVM_DEC BITS=6}
  SET_ATTR @9050 {TXH:112 NAME:addr VALUE:1   RADIX:UVM_HEX BITS=2}
  SET_ATTR @9050 {TXH:112 NAME:payload[0] VALUE:218   RADIX:UVM_HEX BITS=8}
  SET_ATTR @9050 {TXH:112 NAME:payload[1] VALUE:181   RADIX:UVM_HEX BITS=8}
  SET_ATTR @9050 {TXH:112 NAME:payload[2] VALUE:22   RADIX:UVM_HEX BITS=8}
  SET_ATTR @9050 {TXH:112 NAME:payload[3] VALUE:149   RADIX:UVM_HEX BITS=8}
  SET_ATTR @9050 {TXH:112 NAME:payload[4] VALUE:164   RADIX:UVM_HEX BITS=8}
  SET_ATTR @9050 {TXH:112 NAME:payload[12] VALUE:187   RADIX:UVM_HEX BITS=8}
  SET_ATTR @9050 {TXH:112 NAME:payload[13] VALUE:195   RADIX:UVM_HEX BITS=8}
  SET_ATTR @9050 {TXH:112 NAME:payload[14] VALUE:174   RADIX:UVM_HEX BITS=8}
  SET_ATTR @9050 {TXH:112 NAME:payload[15] VALUE:149   RADIX:UVM_HEX BITS=8}
  SET_ATTR @9050 {TXH:112 NAME:payload[16] VALUE:212   RADIX:UVM_HEX BITS=8}
  SET_ATTR @9050 {TXH:112 NAME:parity VALUE:2   RADIX:UVM_HEX BITS=8}
  SET_ATTR @9050 {TXH:112 NAME:parity_type VALUE:125045596921120607787644025   RADIX:UVM_STRING BITS=88}
  SET_ATTR @9050 {TXH:112 NAME:packet_delay VALUE:0   RADIX:UVM_HEX BITS=32}
END @9050 {TXH:112 TIME=0}
FREE @9050 {TXH:112}
  SET_ATTR @9100 {TXH:111 NAME:length VALUE:17   RADIX:UVM_DEC BITS=6}
  SET_ATTR @9100 {TXH:111 NAME:addr VALUE:1   RADIX:UVM_HEX BITS=2}
  SET_ATTR @9100 {TXH:111 NAME:payload[0] VALUE:218   RADIX:UVM_HEX BITS=8}
  SET_ATTR @9100 {TXH:111 NAME:payload[1] VALUE:181   RADIX:UVM_HEX BITS=8}
  SET_ATTR @9100 {TXH:111 NAME:payload[2] VALUE:22   RADIX:UVM_HEX BITS=8}
  SET_ATTR @9100 {TXH:111 NAME:payload[3] VALUE:149   RADIX:UVM_HEX BITS=8}
  SET_ATTR @9100 {TXH:111 NAME:payload[4] VALUE:164   RADIX:UVM_HEX BITS=8}
  SET_ATTR @9100 {TXH:111 NAME:payload[12] VALUE:187   RADIX:UVM_HEX BITS=8}
  SET_ATTR @9100 {TXH:111 NAME:payload[13] VALUE:195   RADIX:UVM_HEX BITS=8}
  SET_ATTR @9100 {TXH:111 NAME:payload[14] VALUE:174   RADIX:UVM_HEX BITS=8}
  SET_ATTR @9100 {TXH:111 NAME:payload[15] VALUE:149   RADIX:UVM_HEX BITS=8}
  SET_ATTR @9100 {TXH:111 NAME:payload[16] VALUE:212   RADIX:UVM_HEX BITS=8}
  SET_ATTR @9100 {TXH:111 NAME:parity VALUE:2   RADIX:UVM_HEX BITS=8}
  SET_ATTR @9100 {TXH:111 NAME:parity_type VALUE:125045596921120607787644025   RADIX:UVM_STRING BITS=88}
  SET_ATTR @9100 {TXH:111 NAME:packet_delay VALUE:7   RADIX:UVM_HEX BITS=32}
  SET_ATTR @9100 {TXH:111 NAME:transaction_id VALUE:2   RADIX:UVM_DEC BITS=32}
END @9100 {TXH:111 TIME=0}
FREE @9100 {TXH:111}
  SET_ATTR @9100 {TXH:110 NAME:length VALUE:17   RADIX:UVM_DEC BITS=6}
  SET_ATTR @9100 {TXH:110 NAME:addr VALUE:1   RADIX:UVM_HEX BITS=2}
  SET_ATTR @9100 {TXH:110 NAME:payload[0] VALUE:218   RADIX:UVM_HEX BITS=8}
  SET_ATTR @9100 {TXH:110 NAME:payload[1] VALUE:181   RADIX:UVM_HEX BITS=8}
  SET_ATTR @9100 {TXH:110 NAME:payload[2] VALUE:22   RADIX:UVM_HEX BITS=8}
  SET_ATTR @9100 {TXH:110 NAME:payload[3] VALUE:149   RADIX:UVM_HEX BITS=8}
  SET_ATTR @9100 {TXH:110 NAME:payload[4] VALUE:164   RADIX:UVM_HEX BITS=8}
  SET_ATTR @9100 {TXH:110 NAME:payload[12] VALUE:187   RADIX:UVM_HEX BITS=8}
  SET_ATTR @9100 {TXH:110 NAME:payload[13] VALUE:195   RADIX:UVM_HEX BITS=8}
  SET_ATTR @9100 {TXH:110 NAME:payload[14] VALUE:174   RADIX:UVM_HEX BITS=8}
  SET_ATTR @9100 {TXH:110 NAME:payload[15] VALUE:149   RADIX:UVM_HEX BITS=8}
  SET_ATTR @9100 {TXH:110 NAME:payload[16] VALUE:212   RADIX:UVM_HEX BITS=8}
  SET_ATTR @9100 {TXH:110 NAME:parity VALUE:2   RADIX:UVM_HEX BITS=8}
  SET_ATTR @9100 {TXH:110 NAME:parity_type VALUE:125045596921120607787644025   RADIX:UVM_STRING BITS=88}
  SET_ATTR @9100 {TXH:110 NAME:packet_delay VALUE:7   RADIX:UVM_HEX BITS=32}
  SET_ATTR @9100 {TXH:110 NAME:transaction_id VALUE:2   RADIX:UVM_DEC BITS=32}
END @9100 {TXH:110 TIME=0}
FREE @9100 {TXH:110}
BEGIN @9100 {TXH:116 STREAM:103 NAME:req TIME=0  TYPE="Begin_End, Link" LABEL:"" DESC=""}
  LINK @9100 {TXH1:104 TXH2:116 RELATION=child}
  SET_ATTR @9900 {TXH:113 NAME:resp_delay VALUE:5   RADIX:UVM_DEC BITS=32}
  SET_ATTR @9900 {TXH:113 NAME:transaction_id VALUE:1   RADIX:UVM_DEC BITS=32}
END @9900 {TXH:113 TIME=0}
FREE @9900 {TXH:113}
BEGIN @9900 {TXH:117 STREAM:3 NAME:req TIME=0  TYPE="Begin_End, Link" LABEL:"" DESC=""}
  LINK @9900 {TXH1:83 TXH2:117 RELATION=child}
  SET_ATTR @9950 {TXH:115 NAME:length VALUE:17   RADIX:UVM_HEX BITS=6}
  SET_ATTR @9950 {TXH:115 NAME:addr VALUE:1   RADIX:UVM_HEX BITS=2}
  SET_ATTR @9950 {TXH:115 NAME:payload[0] VALUE:218   RADIX:UVM_HEX BITS=8}
  SET_ATTR @9950 {TXH:115 NAME:payload[1] VALUE:181   RADIX:UVM_HEX BITS=8}
  SET_ATTR @9950 {TXH:115 NAME:payload[2] VALUE:22   RADIX:UVM_HEX BITS=8}
  SET_ATTR @9950 {TXH:115 NAME:payload[3] VALUE:149   RADIX:UVM_HEX BITS=8}
  SET_ATTR @9950 {TXH:115 NAME:payload[4] VALUE:164   RADIX:UVM_HEX BITS=8}
  SET_ATTR @9950 {TXH:115 NAME:payload[12] VALUE:187   RADIX:UVM_HEX BITS=8}
  SET_ATTR @9950 {TXH:115 NAME:payload[13] VALUE:195   RADIX:UVM_HEX BITS=8}
  SET_ATTR @9950 {TXH:115 NAME:payload[14] VALUE:174   RADIX:UVM_HEX BITS=8}
  SET_ATTR @9950 {TXH:115 NAME:payload[15] VALUE:149   RADIX:UVM_HEX BITS=8}
  SET_ATTR @9950 {TXH:115 NAME:payload[16] VALUE:212   RADIX:UVM_HEX BITS=8}
  SET_ATTR @9950 {TXH:115 NAME:parity VALUE:2   RADIX:UVM_HEX BITS=8}
  SET_ATTR @9950 {TXH:115 NAME:parity_type VALUE:86208262364311955280843865   RADIX:UVM_STRING BITS=88}
  SET_ATTR @9950 {TXH:115 NAME:packet_delay VALUE:0   RADIX:UVM_DEC BITS=32}
END @9950 {TXH:115 TIME=0}
FREE @9950 {TXH:115}
BEGIN @10700 {TXH:118 STREAM:106 NAME:req TIME=0  TYPE="Begin_End, Link" LABEL:"" DESC=""}
  LINK @10700 {TXH1:104 TXH2:118 RELATION=child}
BEGIN @10750 {TXH:119 STREAM:108 NAME:pkt TIME=0  TYPE="Begin_No_Parent, Link" LABEL:"" DESC=""}
  SET_ATTR @14050 {TXH:119 NAME:length VALUE:32   RADIX:UVM_DEC BITS=6}
  SET_ATTR @14050 {TXH:119 NAME:addr VALUE:2   RADIX:UVM_HEX BITS=2}
  SET_ATTR @14050 {TXH:119 NAME:payload[0] VALUE:106   RADIX:UVM_HEX BITS=8}
  SET_ATTR @14050 {TXH:119 NAME:payload[1] VALUE:84   RADIX:UVM_HEX BITS=8}
  SET_ATTR @14050 {TXH:119 NAME:payload[2] VALUE:193   RADIX:UVM_HEX BITS=8}
  SET_ATTR @14050 {TXH:119 NAME:payload[3] VALUE:139   RADIX:UVM_HEX BITS=8}
  SET_ATTR @14050 {TXH:119 NAME:payload[4] VALUE:118   RADIX:UVM_HEX BITS=8}
  SET_ATTR @14050 {TXH:119 NAME:payload[27] VALUE:121   RADIX:UVM_HEX BITS=8}
  SET_ATTR @14050 {TXH:119 NAME:payload[28] VALUE:14   RADIX:UVM_HEX BITS=8}
  SET_ATTR @14050 {TXH:119 NAME:payload[29] VALUE:74   RADIX:UVM_HEX BITS=8}
  SET_ATTR @14050 {TXH:119 NAME:payload[30] VALUE:129   RADIX:UVM_HEX BITS=8}
  SET_ATTR @14050 {TXH:119 NAME:payload[31] VALUE:142   RADIX:UVM_HEX BITS=8}
  SET_ATTR @14050 {TXH:119 NAME:parity VALUE:107   RADIX:UVM_HEX BITS=8}
  SET_ATTR @14050 {TXH:119 NAME:parity_type VALUE:125045596921120607787644025   RADIX:UVM_STRING BITS=88}
  SET_ATTR @14050 {TXH:119 NAME:packet_delay VALUE:0   RADIX:UVM_HEX BITS=32}
END @14050 {TXH:119 TIME=0}
FREE @14050 {TXH:119}
  SET_ATTR @14100 {TXH:118 NAME:length VALUE:32   RADIX:UVM_DEC BITS=6}
  SET_ATTR @14100 {TXH:118 NAME:addr VALUE:2   RADIX:UVM_HEX BITS=2}
  SET_ATTR @14100 {TXH:118 NAME:payload[0] VALUE:106   RADIX:UVM_HEX BITS=8}
  SET_ATTR @14100 {TXH:118 NAME:payload[1] VALUE:84   RADIX:UVM_HEX BITS=8}
  SET_ATTR @14100 {TXH:118 NAME:payload[2] VALUE:193   RADIX:UVM_HEX BITS=8}
  SET_ATTR @14100 {TXH:118 NAME:payload[3] VALUE:139   RADIX:UVM_HEX BITS=8}
  SET_ATTR @14100 {TXH:118 NAME:payload[4] VALUE:118   RADIX:UVM_HEX BITS=8}
  SET_ATTR @14100 {TXH:118 NAME:payload[27] VALUE:121   RADIX:UVM_HEX BITS=8}
  SET_ATTR @14100 {TXH:118 NAME:payload[28] VALUE:14   RADIX:UVM_HEX BITS=8}
  SET_ATTR @14100 {TXH:118 NAME:payload[29] VALUE:74   RADIX:UVM_HEX BITS=8}
  SET_ATTR @14100 {TXH:118 NAME:payload[30] VALUE:129   RADIX:UVM_HEX BITS=8}
  SET_ATTR @14100 {TXH:118 NAME:payload[31] VALUE:142   RADIX:UVM_HEX BITS=8}
  SET_ATTR @14100 {TXH:118 NAME:parity VALUE:107   RADIX:UVM_HEX BITS=8}
  SET_ATTR @14100 {TXH:118 NAME:parity_type VALUE:125045596921120607787644025   RADIX:UVM_STRING BITS=88}
  SET_ATTR @14100 {TXH:118 NAME:packet_delay VALUE:15   RADIX:UVM_HEX BITS=32}
  SET_ATTR @14100 {TXH:118 NAME:transaction_id VALUE:3   RADIX:UVM_DEC BITS=32}
END @14100 {TXH:118 TIME=0}
FREE @14100 {TXH:118}
  SET_ATTR @14100 {TXH:116 NAME:length VALUE:32   RADIX:UVM_DEC BITS=6}
  SET_ATTR @14100 {TXH:116 NAME:addr VALUE:2   RADIX:UVM_HEX BITS=2}
  SET_ATTR @14100 {TXH:116 NAME:payload[0] VALUE:106   RADIX:UVM_HEX BITS=8}
  SET_ATTR @14100 {TXH:116 NAME:payload[1] VALUE:84   RADIX:UVM_HEX BITS=8}
  SET_ATTR @14100 {TXH:116 NAME:payload[2] VALUE:193   RADIX:UVM_HEX BITS=8}
  SET_ATTR @14100 {TXH:116 NAME:payload[3] VALUE:139   RADIX:UVM_HEX BITS=8}
  SET_ATTR @14100 {TXH:116 NAME:payload[4] VALUE:118   RADIX:UVM_HEX BITS=8}
  SET_ATTR @14100 {TXH:116 NAME:payload[27] VALUE:121   RADIX:UVM_HEX BITS=8}
  SET_ATTR @14100 {TXH:116 NAME:payload[28] VALUE:14   RADIX:UVM_HEX BITS=8}
  SET_ATTR @14100 {TXH:116 NAME:payload[29] VALUE:74   RADIX:UVM_HEX BITS=8}
  SET_ATTR @14100 {TXH:116 NAME:payload[30] VALUE:129   RADIX:UVM_HEX BITS=8}
  SET_ATTR @14100 {TXH:116 NAME:payload[31] VALUE:142   RADIX:UVM_HEX BITS=8}
  SET_ATTR @14100 {TXH:116 NAME:parity VALUE:107   RADIX:UVM_HEX BITS=8}
  SET_ATTR @14100 {TXH:116 NAME:parity_type VALUE:125045596921120607787644025   RADIX:UVM_STRING BITS=88}
  SET_ATTR @14100 {TXH:116 NAME:packet_delay VALUE:15   RADIX:UVM_HEX BITS=32}
  SET_ATTR @14100 {TXH:116 NAME:transaction_id VALUE:3   RADIX:UVM_DEC BITS=32}
END @14100 {TXH:116 TIME=0}
FREE @14100 {TXH:116}
END @14100 {TXH:104 TIME=0}
FREE @14100 {TXH:104}
BEGIN @14100 {TXH:120 STREAM:103 NAME:yapp_012 TIME=0  TYPE="Begin_End, Link" LABEL:"" DESC=""}
  LINK @14100 {TXH1:10 TXH2:120 RELATION=child}
BEGIN @14100 {TXH:121 STREAM:103 NAME:req TIME=0  TYPE="Begin_End, Link" LABEL:"" DESC=""}
  LINK @14100 {TXH1:120 TXH2:121 RELATION=child}
BEGIN @16100 {TXH:122 STREAM:106 NAME:req TIME=0  TYPE="Begin_End, Link" LABEL:"" DESC=""}
  LINK @16100 {TXH1:120 TXH2:122 RELATION=child}
BEGIN @16150 {TXH:123 STREAM:108 NAME:pkt TIME=0  TYPE="Begin_No_Parent, Link" LABEL:"" DESC=""}
BEGIN @16350 {TXH:124 STREAM:1 NAME:req TIME=0  TYPE="Begin_End, Link" LABEL:"" DESC=""}
  LINK @16350 {TXH1:2 TXH2:124 RELATION=child}
  CREATE_STREAM @16750 {NAME:Channel_0_Packet T:TVM SCOPE:uvm_test_top.tb.ch0.rx_agent.monitor STREAM:125}
BEGIN @16750 {TXH:126 STREAM:125 NAME:packet_collected TIME=0  TYPE="Begin_No_Parent, Link" LABEL:"" DESC=""}
  SET_ATTR @17650 {TXH:123 NAME:length VALUE:14   RADIX:UVM_DEC BITS=6}
  SET_ATTR @17650 {TXH:123 NAME:addr VALUE:0   RADIX:UVM_HEX BITS=2}
  SET_ATTR @17650 {TXH:123 NAME:payload[0] VALUE:250   RADIX:UVM_HEX BITS=8}
  SET_ATTR @17650 {TXH:123 NAME:payload[1] VALUE:175   RADIX:UVM_HEX BITS=8}
  SET_ATTR @17650 {TXH:123 NAME:payload[2] VALUE:177   RADIX:UVM_HEX BITS=8}
  SET_ATTR @17650 {TXH:123 NAME:payload[3] VALUE:5   RADIX:UVM_HEX BITS=8}
  SET_ATTR @17650 {TXH:123 NAME:payload[4] VALUE:68   RADIX:UVM_HEX BITS=8}
  SET_ATTR @17650 {TXH:123 NAME:payload[9] VALUE:116   RADIX:UVM_HEX BITS=8}
  SET_ATTR @17650 {TXH:123 NAME:payload[10] VALUE:167   RADIX:UVM_HEX BITS=8}
  SET_ATTR @17650 {TXH:123 NAME:payload[11] VALUE:26   RADIX:UVM_HEX BITS=8}
  SET_ATTR @17650 {TXH:123 NAME:payload[12] VALUE:136   RADIX:UVM_HEX BITS=8}
  SET_ATTR @17650 {TXH:123 NAME:payload[13] VALUE:213   RADIX:UVM_HEX BITS=8}
  SET_ATTR @17650 {TXH:123 NAME:parity VALUE:61   RADIX:UVM_HEX BITS=8}
  SET_ATTR @17650 {TXH:123 NAME:parity_type VALUE:125045596921120607787644025   RADIX:UVM_STRING BITS=88}
  SET_ATTR @17650 {TXH:123 NAME:packet_delay VALUE:0   RADIX:UVM_HEX BITS=32}
END @17650 {TXH:123 TIME=0}
FREE @17650 {TXH:123}
  SET_ATTR @17700 {TXH:122 NAME:length VALUE:14   RADIX:UVM_DEC BITS=6}
  SET_ATTR @17700 {TXH:122 NAME:addr VALUE:0   RADIX:UVM_HEX BITS=2}
  SET_ATTR @17700 {TXH:122 NAME:payload[0] VALUE:250   RADIX:UVM_HEX BITS=8}
  SET_ATTR @17700 {TXH:122 NAME:payload[1] VALUE:175   RADIX:UVM_HEX BITS=8}
  SET_ATTR @17700 {TXH:122 NAME:payload[2] VALUE:177   RADIX:UVM_HEX BITS=8}
  SET_ATTR @17700 {TXH:122 NAME:payload[3] VALUE:5   RADIX:UVM_HEX BITS=8}
  SET_ATTR @17700 {TXH:122 NAME:payload[4] VALUE:68   RADIX:UVM_HEX BITS=8}
  SET_ATTR @17700 {TXH:122 NAME:payload[9] VALUE:116   RADIX:UVM_HEX BITS=8}
  SET_ATTR @17700 {TXH:122 NAME:payload[10] VALUE:167   RADIX:UVM_HEX BITS=8}
  SET_ATTR @17700 {TXH:122 NAME:payload[11] VALUE:26   RADIX:UVM_HEX BITS=8}
  SET_ATTR @17700 {TXH:122 NAME:payload[12] VALUE:136   RADIX:UVM_HEX BITS=8}
  SET_ATTR @17700 {TXH:122 NAME:payload[13] VALUE:213   RADIX:UVM_HEX BITS=8}
  SET_ATTR @17700 {TXH:122 NAME:parity VALUE:61   RADIX:UVM_HEX BITS=8}
  SET_ATTR @17700 {TXH:122 NAME:parity_type VALUE:125045596921120607787644025   RADIX:UVM_STRING BITS=88}
  SET_ATTR @17700 {TXH:122 NAME:packet_delay VALUE:19   RADIX:UVM_HEX BITS=32}
  SET_ATTR @17700 {TXH:122 NAME:transaction_id VALUE:1   RADIX:UVM_DEC BITS=32}
END @17700 {TXH:122 TIME=0}
FREE @17700 {TXH:122}
  SET_ATTR @17700 {TXH:121 NAME:length VALUE:14   RADIX:UVM_DEC BITS=6}
  SET_ATTR @17700 {TXH:121 NAME:addr VALUE:0   RADIX:UVM_HEX BITS=2}
  SET_ATTR @17700 {TXH:121 NAME:payload[0] VALUE:250   RADIX:UVM_HEX BITS=8}
  SET_ATTR @17700 {TXH:121 NAME:payload[1] VALUE:175   RADIX:UVM_HEX BITS=8}
  SET_ATTR @17700 {TXH:121 NAME:payload[2] VALUE:177   RADIX:UVM_HEX BITS=8}
  SET_ATTR @17700 {TXH:121 NAME:payload[3] VALUE:5   RADIX:UVM_HEX BITS=8}
  SET_ATTR @17700 {TXH:121 NAME:payload[4] VALUE:68   RADIX:UVM_HEX BITS=8}
  SET_ATTR @17700 {TXH:121 NAME:payload[9] VALUE:116   RADIX:UVM_HEX BITS=8}
  SET_ATTR @17700 {TXH:121 NAME:payload[10] VALUE:167   RADIX:UVM_HEX BITS=8}
  SET_ATTR @17700 {TXH:121 NAME:payload[11] VALUE:26   RADIX:UVM_HEX BITS=8}
  SET_ATTR @17700 {TXH:121 NAME:payload[12] VALUE:136   RADIX:UVM_HEX BITS=8}
  SET_ATTR @17700 {TXH:121 NAME:payload[13] VALUE:213   RADIX:UVM_HEX BITS=8}
  SET_ATTR @17700 {TXH:121 NAME:parity VALUE:61   RADIX:UVM_HEX BITS=8}
  SET_ATTR @17700 {TXH:121 NAME:parity_type VALUE:125045596921120607787644025   RADIX:UVM_STRING BITS=88}
  SET_ATTR @17700 {TXH:121 NAME:packet_delay VALUE:19   RADIX:UVM_HEX BITS=32}
  SET_ATTR @17700 {TXH:121 NAME:transaction_id VALUE:1   RADIX:UVM_DEC BITS=32}
END @17700 {TXH:121 TIME=0}
FREE @17700 {TXH:121}
BEGIN @17700 {TXH:127 STREAM:103 NAME:req TIME=0  TYPE="Begin_End, Link" LABEL:"" DESC=""}
  LINK @17700 {TXH1:120 TXH2:127 RELATION=child}
  SET_ATTR @18300 {TXH:124 NAME:resp_delay VALUE:3   RADIX:UVM_DEC BITS=32}
  SET_ATTR @18300 {TXH:124 NAME:transaction_id VALUE:1   RADIX:UVM_DEC BITS=32}
END @18300 {TXH:124 TIME=0}
FREE @18300 {TXH:124}
BEGIN @18300 {TXH:128 STREAM:1 NAME:req TIME=0  TYPE="Begin_End, Link" LABEL:"" DESC=""}
  LINK @18300 {TXH1:82 TXH2:128 RELATION=child}
  SET_ATTR @18350 {TXH:126 NAME:length VALUE:14   RADIX:UVM_HEX BITS=6}
  SET_ATTR @18350 {TXH:126 NAME:addr VALUE:0   RADIX:UVM_HEX BITS=2}
  SET_ATTR @18350 {TXH:126 NAME:payload[0] VALUE:250   RADIX:UVM_HEX BITS=8}
  SET_ATTR @18350 {TXH:126 NAME:payload[1] VALUE:175   RADIX:UVM_HEX BITS=8}
  SET_ATTR @18350 {TXH:126 NAME:payload[2] VALUE:177   RADIX:UVM_HEX BITS=8}
  SET_ATTR @18350 {TXH:126 NAME:payload[3] VALUE:5   RADIX:UVM_HEX BITS=8}
  SET_ATTR @18350 {TXH:126 NAME:payload[4] VALUE:68   RADIX:UVM_HEX BITS=8}
  SET_ATTR @18350 {TXH:126 NAME:payload[9] VALUE:116   RADIX:UVM_HEX BITS=8}
  SET_ATTR @18350 {TXH:126 NAME:payload[10] VALUE:167   RADIX:UVM_HEX BITS=8}
  SET_ATTR @18350 {TXH:126 NAME:payload[11] VALUE:26   RADIX:UVM_HEX BITS=8}
  SET_ATTR @18350 {TXH:126 NAME:payload[12] VALUE:136   RADIX:UVM_HEX BITS=8}
  SET_ATTR @18350 {TXH:126 NAME:payload[13] VALUE:213   RADIX:UVM_HEX BITS=8}
  SET_ATTR @18350 {TXH:126 NAME:parity VALUE:61   RADIX:UVM_HEX BITS=8}
  SET_ATTR @18350 {TXH:126 NAME:parity_type VALUE:86208262364311955280843865   RADIX:UVM_STRING BITS=88}
  SET_ATTR @18350 {TXH:126 NAME:packet_delay VALUE:0   RADIX:UVM_DEC BITS=32}
END @18350 {TXH:126 TIME=0}
FREE @18350 {TXH:126}
BEGIN @19100 {TXH:129 STREAM:106 NAME:req TIME=0  TYPE="Begin_End, Link" LABEL:"" DESC=""}
  LINK @19100 {TXH1:120 TXH2:129 RELATION=child}
BEGIN @19150 {TXH:130 STREAM:108 NAME:pkt TIME=0  TYPE="Begin_No_Parent, Link" LABEL:"" DESC=""}
  SET_ATTR @21350 {TXH:130 NAME:length VALUE:21   RADIX:UVM_DEC BITS=6}
  SET_ATTR @21350 {TXH:130 NAME:addr VALUE:1   RADIX:UVM_HEX BITS=2}
  SET_ATTR @21350 {TXH:130 NAME:payload[0] VALUE:90   RADIX:UVM_HEX BITS=8}
  SET_ATTR @21350 {TXH:130 NAME:payload[1] VALUE:153   RADIX:UVM_HEX BITS=8}
  SET_ATTR @21350 {TXH:130 NAME:payload[2] VALUE:41   RADIX:UVM_HEX BITS=8}
  SET_ATTR @21350 {TXH:130 NAME:payload[3] VALUE:214   RADIX:UVM_HEX BITS=8}
  SET_ATTR @21350 {TXH:130 NAME:payload[4] VALUE:149   RADIX:UVM_HEX BITS=8}
  SET_ATTR @21350 {TXH:130 NAME:payload[16] VALUE:224   RADIX:UVM_HEX BITS=8}
  SET_ATTR @21350 {TXH:130 NAME:payload[17] VALUE:65   RADIX:UVM_HEX BITS=8}
  SET_ATTR @21350 {TXH:130 NAME:payload[18] VALUE:176   RADIX:UVM_HEX BITS=8}
  SET_ATTR @21350 {TXH:130 NAME:payload[19] VALUE:45   RADIX:UVM_HEX BITS=8}
  SET_ATTR @21350 {TXH:130 NAME:payload[20] VALUE:178   RADIX:UVM_HEX BITS=8}
  SET_ATTR @21350 {TXH:130 NAME:parity VALUE:219   RADIX:UVM_HEX BITS=8}
  SET_ATTR @21350 {TXH:130 NAME:parity_type VALUE:125045596921120607787644025   RADIX:UVM_STRING BITS=88}
  SET_ATTR @21350 {TXH:130 NAME:packet_delay VALUE:0   RADIX:UVM_HEX BITS=32}
END @21350 {TXH:130 TIME=0}
FREE @21350 {TXH:130}
  SET_ATTR @21400 {TXH:129 NAME:length VALUE:21   RADIX:UVM_DEC BITS=6}
  SET_ATTR @21400 {TXH:129 NAME:addr VALUE:1   RADIX:UVM_HEX BITS=2}
  SET_ATTR @21400 {TXH:129 NAME:payload[0] VALUE:90   RADIX:UVM_HEX BITS=8}
  SET_ATTR @21400 {TXH:129 NAME:payload[1] VALUE:153   RADIX:UVM_HEX BITS=8}
  SET_ATTR @21400 {TXH:129 NAME:payload[2] VALUE:41   RADIX:UVM_HEX BITS=8}
  SET_ATTR @21400 {TXH:129 NAME:payload[3] VALUE:214   RADIX:UVM_HEX BITS=8}
  SET_ATTR @21400 {TXH:129 NAME:payload[4] VALUE:149   RADIX:UVM_HEX BITS=8}
  SET_ATTR @21400 {TXH:129 NAME:payload[16] VALUE:224   RADIX:UVM_HEX BITS=8}
  SET_ATTR @21400 {TXH:129 NAME:payload[17] VALUE:65   RADIX:UVM_HEX BITS=8}
  SET_ATTR @21400 {TXH:129 NAME:payload[18] VALUE:176   RADIX:UVM_HEX BITS=8}
  SET_ATTR @21400 {TXH:129 NAME:payload[19] VALUE:45   RADIX:UVM_HEX BITS=8}
  SET_ATTR @21400 {TXH:129 NAME:payload[20] VALUE:178   RADIX:UVM_HEX BITS=8}
  SET_ATTR @21400 {TXH:129 NAME:parity VALUE:219   RADIX:UVM_HEX BITS=8}
  SET_ATTR @21400 {TXH:129 NAME:parity_type VALUE:125045596921120607787644025   RADIX:UVM_STRING BITS=88}
  SET_ATTR @21400 {TXH:129 NAME:packet_delay VALUE:13   RADIX:UVM_HEX BITS=32}
  SET_ATTR @21400 {TXH:129 NAME:transaction_id VALUE:2   RADIX:UVM_DEC BITS=32}
END @21400 {TXH:129 TIME=0}
FREE @21400 {TXH:129}
  SET_ATTR @21400 {TXH:127 NAME:length VALUE:21   RADIX:UVM_DEC BITS=6}
  SET_ATTR @21400 {TXH:127 NAME:addr VALUE:1   RADIX:UVM_HEX BITS=2}
  SET_ATTR @21400 {TXH:127 NAME:payload[0] VALUE:90   RADIX:UVM_HEX BITS=8}
  SET_ATTR @21400 {TXH:127 NAME:payload[1] VALUE:153   RADIX:UVM_HEX BITS=8}
  SET_ATTR @21400 {TXH:127 NAME:payload[2] VALUE:41   RADIX:UVM_HEX BITS=8}
  SET_ATTR @21400 {TXH:127 NAME:payload[3] VALUE:214   RADIX:UVM_HEX BITS=8}
  SET_ATTR @21400 {TXH:127 NAME:payload[4] VALUE:149   RADIX:UVM_HEX BITS=8}
  SET_ATTR @21400 {TXH:127 NAME:payload[16] VALUE:224   RADIX:UVM_HEX BITS=8}
  SET_ATTR @21400 {TXH:127 NAME:payload[17] VALUE:65   RADIX:UVM_HEX BITS=8}
  SET_ATTR @21400 {TXH:127 NAME:payload[18] VALUE:176   RADIX:UVM_HEX BITS=8}
  SET_ATTR @21400 {TXH:127 NAME:payload[19] VALUE:45   RADIX:UVM_HEX BITS=8}
  SET_ATTR @21400 {TXH:127 NAME:payload[20] VALUE:178   RADIX:UVM_HEX BITS=8}
  SET_ATTR @21400 {TXH:127 NAME:parity VALUE:219   RADIX:UVM_HEX BITS=8}
  SET_ATTR @21400 {TXH:127 NAME:parity_type VALUE:125045596921120607787644025   RADIX:UVM_STRING BITS=88}
  SET_ATTR @21400 {TXH:127 NAME:packet_delay VALUE:13   RADIX:UVM_HEX BITS=32}
  SET_ATTR @21400 {TXH:127 NAME:transaction_id VALUE:2   RADIX:UVM_DEC BITS=32}
END @21400 {TXH:127 TIME=0}
FREE @21400 {TXH:127}
BEGIN @21400 {TXH:131 STREAM:103 NAME:req TIME=0  TYPE="Begin_End, Link" LABEL:"" DESC=""}
  LINK @21400 {TXH1:120 TXH2:131 RELATION=child}
BEGIN @22400 {TXH:132 STREAM:106 NAME:req TIME=0  TYPE="Begin_End, Link" LABEL:"" DESC=""}
  LINK @22400 {TXH1:120 TXH2:132 RELATION=child}
BEGIN @22450 {TXH:133 STREAM:108 NAME:pkt TIME=0  TYPE="Begin_No_Parent, Link" LABEL:"" DESC=""}
  SET_ATTR @26150 {TXH:133 NAME:length VALUE:36   RADIX:UVM_DEC BITS=6}
  SET_ATTR @26150 {TXH:133 NAME:addr VALUE:2   RADIX:UVM_HEX BITS=2}
  SET_ATTR @26150 {TXH:133 NAME:payload[0] VALUE:186   RADIX:UVM_HEX BITS=8}
  SET_ATTR @26150 {TXH:133 NAME:payload[1] VALUE:156   RADIX:UVM_HEX BITS=8}
  SET_ATTR @26150 {TXH:133 NAME:payload[2] VALUE:150   RADIX:UVM_HEX BITS=8}
  SET_ATTR @26150 {TXH:133 NAME:payload[3] VALUE:228   RADIX:UVM_HEX BITS=8}
  SET_ATTR @26150 {TXH:133 NAME:payload[4] VALUE:169   RADIX:UVM_HEX BITS=8}
  SET_ATTR @26150 {TXH:133 NAME:payload[31] VALUE:38   RADIX:UVM_HEX BITS=8}
  SET_ATTR @26150 {TXH:133 NAME:payload[32] VALUE:245   RADIX:UVM_HEX BITS=8}
  SET_ATTR @26150 {TXH:133 NAME:payload[33] VALUE:91   RADIX:UVM_HEX BITS=8}
  SET_ATTR @26150 {TXH:133 NAME:payload[34] VALUE:130   RADIX:UVM_HEX BITS=8}
  SET_ATTR @26150 {TXH:133 NAME:payload[35] VALUE:46   RADIX:UVM_HEX BITS=8}
  SET_ATTR @26150 {TXH:133 NAME:parity VALUE:226   RADIX:UVM_HEX BITS=8}
  SET_ATTR @26150 {TXH:133 NAME:parity_type VALUE:125045596921120607787644025   RADIX:UVM_STRING BITS=88}
  SET_ATTR @26150 {TXH:133 NAME:packet_delay VALUE:0   RADIX:UVM_HEX BITS=32}
END @26150 {TXH:133 TIME=0}
FREE @26150 {TXH:133}
  SET_ATTR @26200 {TXH:132 NAME:length VALUE:36   RADIX:UVM_DEC BITS=6}
  SET_ATTR @26200 {TXH:132 NAME:addr VALUE:2   RADIX:UVM_HEX BITS=2}
  SET_ATTR @26200 {TXH:132 NAME:payload[0] VALUE:186   RADIX:UVM_HEX BITS=8}
  SET_ATTR @26200 {TXH:132 NAME:payload[1] VALUE:156   RADIX:UVM_HEX BITS=8}
  SET_ATTR @26200 {TXH:132 NAME:payload[2] VALUE:150   RADIX:UVM_HEX BITS=8}
  SET_ATTR @26200 {TXH:132 NAME:payload[3] VALUE:228   RADIX:UVM_HEX BITS=8}
  SET_ATTR @26200 {TXH:132 NAME:payload[4] VALUE:169   RADIX:UVM_HEX BITS=8}
  SET_ATTR @26200 {TXH:132 NAME:payload[31] VALUE:38   RADIX:UVM_HEX BITS=8}
  SET_ATTR @26200 {TXH:132 NAME:payload[32] VALUE:245   RADIX:UVM_HEX BITS=8}
  SET_ATTR @26200 {TXH:132 NAME:payload[33] VALUE:91   RADIX:UVM_HEX BITS=8}
  SET_ATTR @26200 {TXH:132 NAME:payload[34] VALUE:130   RADIX:UVM_HEX BITS=8}
  SET_ATTR @26200 {TXH:132 NAME:payload[35] VALUE:46   RADIX:UVM_HEX BITS=8}
  SET_ATTR @26200 {TXH:132 NAME:parity VALUE:226   RADIX:UVM_HEX BITS=8}
  SET_ATTR @26200 {TXH:132 NAME:parity_type VALUE:125045596921120607787644025   RADIX:UVM_STRING BITS=88}
  SET_ATTR @26200 {TXH:132 NAME:packet_delay VALUE:9   RADIX:UVM_HEX BITS=32}
  SET_ATTR @26200 {TXH:132 NAME:transaction_id VALUE:3   RADIX:UVM_DEC BITS=32}
END @26200 {TXH:132 TIME=0}
FREE @26200 {TXH:132}
  SET_ATTR @26200 {TXH:131 NAME:length VALUE:36   RADIX:UVM_DEC BITS=6}
  SET_ATTR @26200 {TXH:131 NAME:addr VALUE:2   RADIX:UVM_HEX BITS=2}
  SET_ATTR @26200 {TXH:131 NAME:payload[0] VALUE:186   RADIX:UVM_HEX BITS=8}
  SET_ATTR @26200 {TXH:131 NAME:payload[1] VALUE:156   RADIX:UVM_HEX BITS=8}
  SET_ATTR @26200 {TXH:131 NAME:payload[2] VALUE:150   RADIX:UVM_HEX BITS=8}
  SET_ATTR @26200 {TXH:131 NAME:payload[3] VALUE:228   RADIX:UVM_HEX BITS=8}
  SET_ATTR @26200 {TXH:131 NAME:payload[4] VALUE:169   RADIX:UVM_HEX BITS=8}
  SET_ATTR @26200 {TXH:131 NAME:payload[31] VALUE:38   RADIX:UVM_HEX BITS=8}
  SET_ATTR @26200 {TXH:131 NAME:payload[32] VALUE:245   RADIX:UVM_HEX BITS=8}
  SET_ATTR @26200 {TXH:131 NAME:payload[33] VALUE:91   RADIX:UVM_HEX BITS=8}
  SET_ATTR @26200 {TXH:131 NAME:payload[34] VALUE:130   RADIX:UVM_HEX BITS=8}
  SET_ATTR @26200 {TXH:131 NAME:payload[35] VALUE:46   RADIX:UVM_HEX BITS=8}
  SET_ATTR @26200 {TXH:131 NAME:parity VALUE:226   RADIX:UVM_HEX BITS=8}
  SET_ATTR @26200 {TXH:131 NAME:parity_type VALUE:125045596921120607787644025   RADIX:UVM_STRING BITS=88}
  SET_ATTR @26200 {TXH:131 NAME:packet_delay VALUE:9   RADIX:UVM_HEX BITS=32}
  SET_ATTR @26200 {TXH:131 NAME:transaction_id VALUE:3   RADIX:UVM_DEC BITS=32}
END @26200 {TXH:131 TIME=0}
FREE @26200 {TXH:131}
END @26200 {TXH:120 TIME=0}
FREE @26200 {TXH:120}
BEGIN @26200 {TXH:134 STREAM:12 NAME:h_big TIME=0  TYPE="Begin_End, Link" LABEL:"" DESC=""}
  LINK @26200 {TXH1:10 TXH2:134 RELATION=child}
BEGIN @26200 {TXH:135 STREAM:12 NAME:hbus_seq TIME=0  TYPE="Begin_End, Link" LABEL:"" DESC=""}
  LINK @26200 {TXH1:134 TXH2:135 RELATION=child}
BEGIN @26200 {TXH:136 STREAM:12 NAME:transaction TIME=0  TYPE="Begin_End, Link" LABEL:"" DESC=""}
  LINK @26200 {TXH1:135 TXH2:136 RELATION=child}
BEGIN @26300 {TXH:137 STREAM:89 NAME:transaction TIME=0  TYPE="Begin_End, Link" LABEL:"" DESC=""}
  LINK @26300 {TXH1:135 TXH2:137 RELATION=child}
BEGIN @26350 {TXH:138 STREAM:91 NAME:tr_collect TIME=0  TYPE="Begin_No_Parent, Link" LABEL:"" DESC=""}
  SET_ATTR @26400 {TXH:137 NAME:haddr VALUE:4096   RADIX:UVM_HEX BITS=16}
  SET_ATTR @26400 {TXH:137 NAME:hdata VALUE:63   RADIX:UVM_HEX BITS=8}
  SET_ATTR @26400 {TXH:137 NAME:hwr_rd VALUE:341234020238224223982661   RADIX:UVM_STRING BITS=80}
  SET_ATTR @26400 {TXH:137 NAME:wait_between_cycle VALUE:3   RADIX:UVM_HEX BITS=32}
  SET_ATTR @26400 {TXH:137 NAME:transaction_id VALUE:1   RADIX:UVM_DEC BITS=32}
END @26400 {TXH:137 TIME=0}
FREE @26400 {TXH:137}
  SET_ATTR @26400 {TXH:136 NAME:haddr VALUE:4096   RADIX:UVM_HEX BITS=16}
  SET_ATTR @26400 {TXH:136 NAME:hdata VALUE:63   RADIX:UVM_HEX BITS=8}
  SET_ATTR @26400 {TXH:136 NAME:hwr_rd VALUE:341234020238224223982661   RADIX:UVM_STRING BITS=80}
  SET_ATTR @26400 {TXH:136 NAME:wait_between_cycle VALUE:3   RADIX:UVM_HEX BITS=32}
  SET_ATTR @26400 {TXH:136 NAME:transaction_id VALUE:1   RADIX:UVM_DEC BITS=32}
END @26400 {TXH:136 TIME=0}
FREE @26400 {TXH:136}
BEGIN @26400 {TXH:139 STREAM:12 NAME:transaction TIME=0  TYPE="Begin_End, Link" LABEL:"" DESC=""}
  LINK @26400 {TXH1:135 TXH2:139 RELATION=child}
  SET_ATTR @26450 {TXH:138 NAME:haddr VALUE:4096   RADIX:UVM_HEX BITS=16}
  SET_ATTR @26450 {TXH:138 NAME:hdata VALUE:63   RADIX:UVM_HEX BITS=8}
  SET_ATTR @26450 {TXH:138 NAME:hwr_rd VALUE:341234020238224223982661   RADIX:UVM_STRING BITS=80}
  SET_ATTR @26450 {TXH:138 NAME:wait_between_cycle VALUE:0   RADIX:UVM_HEX BITS=32}
END @26450 {TXH:138 TIME=0}
FREE @26450 {TXH:138}
BEGIN @26500 {TXH:140 STREAM:89 NAME:transaction TIME=0  TYPE="Begin_End, Link" LABEL:"" DESC=""}
  LINK @26500 {TXH1:135 TXH2:140 RELATION=child}
BEGIN @26550 {TXH:141 STREAM:91 NAME:tr_collect TIME=0  TYPE="Begin_No_Parent, Link" LABEL:"" DESC=""}
  SET_ATTR @26600 {TXH:140 NAME:haddr VALUE:4097   RADIX:UVM_HEX BITS=16}
  SET_ATTR @26600 {TXH:140 NAME:hdata VALUE:1   RADIX:UVM_HEX BITS=8}
  SET_ATTR @26600 {TXH:140 NAME:hwr_rd VALUE:341234020238224223982661   RADIX:UVM_STRING BITS=80}
  SET_ATTR @26600 {TXH:140 NAME:wait_between_cycle VALUE:2   RADIX:UVM_HEX BITS=32}
  SET_ATTR @26600 {TXH:140 NAME:transaction_id VALUE:2   RADIX:UVM_DEC BITS=32}
END @26600 {TXH:140 TIME=0}
FREE @26600 {TXH:140}
  SET_ATTR @26600 {TXH:139 NAME:haddr VALUE:4097   RADIX:UVM_HEX BITS=16}
  SET_ATTR @26600 {TXH:139 NAME:hdata VALUE:1   RADIX:UVM_HEX BITS=8}
  SET_ATTR @26600 {TXH:139 NAME:hwr_rd VALUE:341234020238224223982661   RADIX:UVM_STRING BITS=80}
  SET_ATTR @26600 {TXH:139 NAME:wait_between_cycle VALUE:2   RADIX:UVM_HEX BITS=32}
  SET_ATTR @26600 {TXH:139 NAME:transaction_id VALUE:2   RADIX:UVM_DEC BITS=32}
END @26600 {TXH:139 TIME=0}
FREE @26600 {TXH:139}
END @26600 {TXH:135 TIME=0}
FREE @26600 {TXH:135}
END @26600 {TXH:134 TIME=0}
FREE @26600 {TXH:134}
BEGIN @26600 {TXH:142 STREAM:12 NAME:h_read TIME=0  TYPE="Begin_End, Link" LABEL:"" DESC=""}
  LINK @26600 {TXH1:10 TXH2:142 RELATION=child}
BEGIN @26600 {TXH:143 STREAM:12 NAME:transaction TIME=0  TYPE="Begin_End, Link" LABEL:"" DESC=""}
  LINK @26600 {TXH1:142 TXH2:143 RELATION=child}
  SET_ATTR @26650 {TXH:141 NAME:haddr VALUE:4097   RADIX:UVM_HEX BITS=16}
  SET_ATTR @26650 {TXH:141 NAME:hdata VALUE:1   RADIX:UVM_HEX BITS=8}
  SET_ATTR @26650 {TXH:141 NAME:hwr_rd VALUE:341234020238224223982661   RADIX:UVM_STRING BITS=80}
  SET_ATTR @26650 {TXH:141 NAME:wait_between_cycle VALUE:0   RADIX:UVM_HEX BITS=32}
END @26650 {TXH:141 TIME=0}
FREE @26650 {TXH:141}
BEGIN @26700 {TXH:144 STREAM:89 NAME:transaction TIME=0  TYPE="Begin_End, Link" LABEL:"" DESC=""}
  LINK @26700 {TXH1:142 TXH2:144 RELATION=child}
BEGIN @26750 {TXH:145 STREAM:91 NAME:tr_collect TIME=0  TYPE="Begin_No_Parent, Link" LABEL:"" DESC=""}
  SET_ATTR @26900 {TXH:144 NAME:haddr VALUE:4096   RADIX:UVM_HEX BITS=16}
  SET_ATTR @26900 {TXH:144 NAME:hdata VALUE:63   RADIX:UVM_HEX BITS=8}
  SET_ATTR @26900 {TXH:144 NAME:hwr_rd VALUE:1332945391555478634820   RADIX:UVM_STRING BITS=72}
  SET_ATTR @26900 {TXH:144 NAME:wait_between_cycle VALUE:2   RADIX:UVM_HEX BITS=32}
  SET_ATTR @26900 {TXH:144 NAME:transaction_id VALUE:1   RADIX:UVM_DEC BITS=32}
END @26900 {TXH:144 TIME=0}
FREE @26900 {TXH:144}
  SET_ATTR @26900 {TXH:143 NAME:haddr VALUE:4096   RADIX:UVM_HEX BITS=16}
  SET_ATTR @26900 {TXH:143 NAME:hdata VALUE:63   RADIX:UVM_HEX BITS=8}
  SET_ATTR @26900 {TXH:143 NAME:hwr_rd VALUE:1332945391555478634820   RADIX:UVM_STRING BITS=72}
  SET_ATTR @26900 {TXH:143 NAME:wait_between_cycle VALUE:2   RADIX:UVM_HEX BITS=32}
  SET_ATTR @26900 {TXH:143 NAME:transaction_id VALUE:1   RADIX:UVM_DEC BITS=32}
END @26900 {TXH:143 TIME=0}
FREE @26900 {TXH:143}
BEGIN @26900 {TXH:146 STREAM:12 NAME:transaction TIME=0  TYPE="Begin_End, Link" LABEL:"" DESC=""}
  LINK @26900 {TXH1:142 TXH2:146 RELATION=child}
  SET_ATTR @26950 {TXH:145 NAME:haddr VALUE:4096   RADIX:UVM_HEX BITS=16}
  SET_ATTR @26950 {TXH:145 NAME:hdata VALUE:63   RADIX:UVM_HEX BITS=8}
  SET_ATTR @26950 {TXH:145 NAME:hwr_rd VALUE:1332945391555478634820   RADIX:UVM_STRING BITS=72}
  SET_ATTR @26950 {TXH:145 NAME:wait_between_cycle VALUE:0   RADIX:UVM_HEX BITS=32}
END @26950 {TXH:145 TIME=0}
FREE @26950 {TXH:145}
BEGIN @27000 {TXH:147 STREAM:89 NAME:transaction TIME=0  TYPE="Begin_End, Link" LABEL:"" DESC=""}
  LINK @27000 {TXH1:142 TXH2:147 RELATION=child}
BEGIN @27050 {TXH:148 STREAM:91 NAME:tr_collect TIME=0  TYPE="Begin_No_Parent, Link" LABEL:"" DESC=""}
  SET_ATTR @27200 {TXH:147 NAME:haddr VALUE:4097   RADIX:UVM_HEX BITS=16}
  SET_ATTR @27200 {TXH:147 NAME:hdata VALUE:1   RADIX:UVM_HEX BITS=8}
  SET_ATTR @27200 {TXH:147 NAME:hwr_rd VALUE:1332945391555478634820   RADIX:UVM_STRING BITS=72}
  SET_ATTR @27200 {TXH:147 NAME:wait_between_cycle VALUE:2   RADIX:UVM_HEX BITS=32}
  SET_ATTR @27200 {TXH:147 NAME:transaction_id VALUE:2   RADIX:UVM_DEC BITS=32}
END @27200 {TXH:147 TIME=0}
FREE @27200 {TXH:147}
  SET_ATTR @27200 {TXH:146 NAME:haddr VALUE:4097   RADIX:UVM_HEX BITS=16}
  SET_ATTR @27200 {TXH:146 NAME:hdata VALUE:1   RADIX:UVM_HEX BITS=8}
  SET_ATTR @27200 {TXH:146 NAME:hwr_rd VALUE:1332945391555478634820   RADIX:UVM_STRING BITS=72}
  SET_ATTR @27200 {TXH:146 NAME:wait_between_cycle VALUE:2   RADIX:UVM_HEX BITS=32}
  SET_ATTR @27200 {TXH:146 NAME:transaction_id VALUE:2   RADIX:UVM_DEC BITS=32}
END @27200 {TXH:146 TIME=0}
FREE @27200 {TXH:146}
END @27200 {TXH:142 TIME=0}
FREE @27200 {TXH:142}
BEGIN @27200 {TXH:149 STREAM:103 NAME:yapp_012 TIME=0  TYPE="Begin_End, Link" LABEL:"" DESC=""}
  LINK @27200 {TXH1:10 TXH2:149 RELATION=child}
BEGIN @27200 {TXH:150 STREAM:103 NAME:req TIME=0  TYPE="Begin_End, Link" LABEL:"" DESC=""}
  LINK @27200 {TXH1:149 TXH2:150 RELATION=child}
  SET_ATTR @27250 {TXH:148 NAME:haddr VALUE:4097   RADIX:UVM_HEX BITS=16}
  SET_ATTR @27250 {TXH:148 NAME:hdata VALUE:1   RADIX:UVM_HEX BITS=8}
  SET_ATTR @27250 {TXH:148 NAME:hwr_rd VALUE:1332945391555478634820   RADIX:UVM_STRING BITS=72}
  SET_ATTR @27250 {TXH:148 NAME:wait_between_cycle VALUE:0   RADIX:UVM_HEX BITS=32}
END @27250 {TXH:148 TIME=0}
FREE @27250 {TXH:148}
BEGIN @28300 {TXH:151 STREAM:106 NAME:req TIME=0  TYPE="Begin_End, Link" LABEL:"" DESC=""}
  LINK @28300 {TXH1:149 TXH2:151 RELATION=child}
BEGIN @28350 {TXH:152 STREAM:108 NAME:pkt TIME=0  TYPE="Begin_No_Parent, Link" LABEL:"" DESC=""}
BEGIN @29150 {TXH:153 STREAM:125 NAME:packet_collected TIME=0  TYPE="Begin_No_Parent, Link" LABEL:"" DESC=""}
  SET_ATTR @33750 {TXH:152 NAME:length VALUE:53   RADIX:UVM_DEC BITS=6}
  SET_ATTR @33750 {TXH:152 NAME:addr VALUE:0   RADIX:UVM_HEX BITS=2}
  SET_ATTR @33750 {TXH:152 NAME:payload[0] VALUE:14   RADIX:UVM_HEX BITS=8}
  SET_ATTR @33750 {TXH:152 NAME:payload[1] VALUE:92   RADIX:UVM_HEX BITS=8}
  SET_ATTR @33750 {TXH:152 NAME:payload[2] VALUE:79   RADIX:UVM_HEX BITS=8}
  SET_ATTR @33750 {TXH:152 NAME:payload[3] VALUE:32   RADIX:UVM_HEX BITS=8}
  SET_ATTR @33750 {TXH:152 NAME:payload[4] VALUE:24   RADIX:UVM_HEX BITS=8}
  SET_ATTR @33750 {TXH:152 NAME:payload[48] VALUE:98   RADIX:UVM_HEX BITS=8}
  SET_ATTR @33750 {TXH:152 NAME:payload[49] VALUE:55   RADIX:UVM_HEX BITS=8}
  SET_ATTR @33750 {TXH:152 NAME:payload[50] VALUE:150   RADIX:UVM_HEX BITS=8}
  SET_ATTR @33750 {TXH:152 NAME:payload[51] VALUE:127   RADIX:UVM_HEX BITS=8}
  SET_ATTR @33750 {TXH:152 NAME:payload[52] VALUE:68   RADIX:UVM_HEX BITS=8}
  SET_ATTR @33750 {TXH:152 NAME:parity VALUE:211   RADIX:UVM_HEX BITS=8}
  SET_ATTR @33750 {TXH:152 NAME:parity_type VALUE:125045596921120607787644025   RADIX:UVM_STRING BITS=88}
  SET_ATTR @33750 {TXH:152 NAME:packet_delay VALUE:0   RADIX:UVM_HEX BITS=32}
END @33750 {TXH:152 TIME=0}
FREE @33750 {TXH:152}
  SET_ATTR @33800 {TXH:151 NAME:length VALUE:53   RADIX:UVM_DEC BITS=6}
  SET_ATTR @33800 {TXH:151 NAME:addr VALUE:0   RADIX:UVM_HEX BITS=2}
  SET_ATTR @33800 {TXH:151 NAME:payload[0] VALUE:14   RADIX:UVM_HEX BITS=8}
  SET_ATTR @33800 {TXH:151 NAME:payload[1] VALUE:92   RADIX:UVM_HEX BITS=8}
  SET_ATTR @33800 {TXH:151 NAME:payload[2] VALUE:79   RADIX:UVM_HEX BITS=8}
  SET_ATTR @33800 {TXH:151 NAME:payload[3] VALUE:32   RADIX:UVM_HEX BITS=8}
  SET_ATTR @33800 {TXH:151 NAME:payload[4] VALUE:24   RADIX:UVM_HEX BITS=8}
  SET_ATTR @33800 {TXH:151 NAME:payload[48] VALUE:98   RADIX:UVM_HEX BITS=8}
  SET_ATTR @33800 {TXH:151 NAME:payload[49] VALUE:55   RADIX:UVM_HEX BITS=8}
  SET_ATTR @33800 {TXH:151 NAME:payload[50] VALUE:150   RADIX:UVM_HEX BITS=8}
  SET_ATTR @33800 {TXH:151 NAME:payload[51] VALUE:127   RADIX:UVM_HEX BITS=8}
  SET_ATTR @33800 {TXH:151 NAME:payload[52] VALUE:68   RADIX:UVM_HEX BITS=8}
  SET_ATTR @33800 {TXH:151 NAME:parity VALUE:211   RADIX:UVM_HEX BITS=8}
  SET_ATTR @33800 {TXH:151 NAME:parity_type VALUE:125045596921120607787644025   RADIX:UVM_STRING BITS=88}
  SET_ATTR @33800 {TXH:151 NAME:packet_delay VALUE:10   RADIX:UVM_HEX BITS=32}
  SET_ATTR @33800 {TXH:151 NAME:transaction_id VALUE:1   RADIX:UVM_DEC BITS=32}
END @33800 {TXH:151 TIME=0}
FREE @33800 {TXH:151}
  SET_ATTR @33800 {TXH:150 NAME:length VALUE:53   RADIX:UVM_DEC BITS=6}
  SET_ATTR @33800 {TXH:150 NAME:addr VALUE:0   RADIX:UVM_HEX BITS=2}
  SET_ATTR @33800 {TXH:150 NAME:payload[0] VALUE:14   RADIX:UVM_HEX BITS=8}
  SET_ATTR @33800 {TXH:150 NAME:payload[1] VALUE:92   RADIX:UVM_HEX BITS=8}
  SET_ATTR @33800 {TXH:150 NAME:payload[2] VALUE:79   RADIX:UVM_HEX BITS=8}
  SET_ATTR @33800 {TXH:150 NAME:payload[3] VALUE:32   RADIX:UVM_HEX BITS=8}
  SET_ATTR @33800 {TXH:150 NAME:payload[4] VALUE:24   RADIX:UVM_HEX BITS=8}
  SET_ATTR @33800 {TXH:150 NAME:payload[48] VALUE:98   RADIX:UVM_HEX BITS=8}
  SET_ATTR @33800 {TXH:150 NAME:payload[49] VALUE:55   RADIX:UVM_HEX BITS=8}
  SET_ATTR @33800 {TXH:150 NAME:payload[50] VALUE:150   RADIX:UVM_HEX BITS=8}
  SET_ATTR @33800 {TXH:150 NAME:payload[51] VALUE:127   RADIX:UVM_HEX BITS=8}
  SET_ATTR @33800 {TXH:150 NAME:payload[52] VALUE:68   RADIX:UVM_HEX BITS=8}
  SET_ATTR @33800 {TXH:150 NAME:parity VALUE:211   RADIX:UVM_HEX BITS=8}
  SET_ATTR @33800 {TXH:150 NAME:parity_type VALUE:125045596921120607787644025   RADIX:UVM_STRING BITS=88}
  SET_ATTR @33800 {TXH:150 NAME:packet_delay VALUE:10   RADIX:UVM_HEX BITS=32}
  SET_ATTR @33800 {TXH:150 NAME:transaction_id VALUE:1   RADIX:UVM_DEC BITS=32}
END @33800 {TXH:150 TIME=0}
FREE @33800 {TXH:150}
BEGIN @33800 {TXH:154 STREAM:103 NAME:req TIME=0  TYPE="Begin_End, Link" LABEL:"" DESC=""}
  LINK @33800 {TXH1:149 TXH2:154 RELATION=child}
BEGIN @34300 {TXH:155 STREAM:106 NAME:req TIME=0  TYPE="Begin_End, Link" LABEL:"" DESC=""}
  LINK @34300 {TXH1:149 TXH2:155 RELATION=child}
BEGIN @34350 {TXH:156 STREAM:108 NAME:pkt TIME=0  TYPE="Begin_No_Parent, Link" LABEL:"" DESC=""}
  SET_ATTR @34600 {TXH:128 NAME:resp_delay VALUE:6   RADIX:UVM_DEC BITS=32}
  SET_ATTR @34600 {TXH:128 NAME:transaction_id VALUE:1   RADIX:UVM_DEC BITS=32}
END @34600 {TXH:128 TIME=0}
FREE @34600 {TXH:128}
BEGIN @34600 {TXH:157 STREAM:1 NAME:req TIME=0  TYPE="Begin_End, Link" LABEL:"" DESC=""}
  LINK @34600 {TXH1:2 TXH2:157 RELATION=child}
  SET_ATTR @34650 {TXH:153 NAME:length VALUE:53   RADIX:UVM_HEX BITS=6}
  SET_ATTR @34650 {TXH:153 NAME:addr VALUE:0   RADIX:UVM_HEX BITS=2}
  SET_ATTR @34650 {TXH:153 NAME:payload[0] VALUE:14   RADIX:UVM_HEX BITS=8}
  SET_ATTR @34650 {TXH:153 NAME:payload[1] VALUE:92   RADIX:UVM_HEX BITS=8}
  SET_ATTR @34650 {TXH:153 NAME:payload[2] VALUE:79   RADIX:UVM_HEX BITS=8}
  SET_ATTR @34650 {TXH:153 NAME:payload[3] VALUE:32   RADIX:UVM_HEX BITS=8}
  SET_ATTR @34650 {TXH:153 NAME:payload[4] VALUE:24   RADIX:UVM_HEX BITS=8}
  SET_ATTR @34650 {TXH:153 NAME:payload[48] VALUE:98   RADIX:UVM_HEX BITS=8}
  SET_ATTR @34650 {TXH:153 NAME:payload[49] VALUE:55   RADIX:UVM_HEX BITS=8}
  SET_ATTR @34650 {TXH:153 NAME:payload[50] VALUE:150   RADIX:UVM_HEX BITS=8}
  SET_ATTR @34650 {TXH:153 NAME:payload[51] VALUE:127   RADIX:UVM_HEX BITS=8}
  SET_ATTR @34650 {TXH:153 NAME:payload[52] VALUE:68   RADIX:UVM_HEX BITS=8}
  SET_ATTR @34650 {TXH:153 NAME:parity VALUE:211   RADIX:UVM_HEX BITS=8}
  SET_ATTR @34650 {TXH:153 NAME:parity_type VALUE:86208262364311955280843865   RADIX:UVM_STRING BITS=88}
  SET_ATTR @34650 {TXH:153 NAME:packet_delay VALUE:0   RADIX:UVM_DEC BITS=32}
END @34650 {TXH:153 TIME=0}
FREE @34650 {TXH:153}
BEGIN @34850 {TXH:158 STREAM:114 NAME:packet_collected TIME=0  TYPE="Begin_No_Parent, Link" LABEL:"" DESC=""}
  SET_ATTR @39750 {TXH:156 NAME:length VALUE:53   RADIX:UVM_DEC BITS=6}
  SET_ATTR @39750 {TXH:156 NAME:addr VALUE:1   RADIX:UVM_HEX BITS=2}
  SET_ATTR @39750 {TXH:156 NAME:payload[0] VALUE:173   RADIX:UVM_HEX BITS=8}
  SET_ATTR @39750 {TXH:156 NAME:payload[1] VALUE:60   RADIX:UVM_HEX BITS=8}
  SET_ATTR @39750 {TXH:156 NAME:payload[2] VALUE:225   RADIX:UVM_HEX BITS=8}
  SET_ATTR @39750 {TXH:156 NAME:payload[3] VALUE:224   RADIX:UVM_HEX BITS=8}
  SET_ATTR @39750 {TXH:156 NAME:payload[4] VALUE:199   RADIX:UVM_HEX BITS=8}
  SET_ATTR @39750 {TXH:156 NAME:payload[48] VALUE:209   RADIX:UVM_HEX BITS=8}
  SET_ATTR @39750 {TXH:156 NAME:payload[49] VALUE:128   RADIX:UVM_HEX BITS=8}
  SET_ATTR @39750 {TXH:156 NAME:payload[50] VALUE:4   RADIX:UVM_HEX BITS=8}
  SET_ATTR @39750 {TXH:156 NAME:payload[51] VALUE:168   RADIX:UVM_HEX BITS=8}
  SET_ATTR @39750 {TXH:156 NAME:payload[52] VALUE:194   RADIX:UVM_HEX BITS=8}
  SET_ATTR @39750 {TXH:156 NAME:parity VALUE:10   RADIX:UVM_HEX BITS=8}
  SET_ATTR @39750 {TXH:156 NAME:parity_type VALUE:125045596921120607787644025   RADIX:UVM_STRING BITS=88}
  SET_ATTR @39750 {TXH:156 NAME:packet_delay VALUE:0   RADIX:UVM_HEX BITS=32}
END @39750 {TXH:156 TIME=0}
FREE @39750 {TXH:156}
  SET_ATTR @39800 {TXH:155 NAME:length VALUE:53   RADIX:UVM_DEC BITS=6}
  SET_ATTR @39800 {TXH:155 NAME:addr VALUE:1   RADIX:UVM_HEX BITS=2}
  SET_ATTR @39800 {TXH:155 NAME:payload[0] VALUE:173   RADIX:UVM_HEX BITS=8}
  SET_ATTR @39800 {TXH:155 NAME:payload[1] VALUE:60   RADIX:UVM_HEX BITS=8}
  SET_ATTR @39800 {TXH:155 NAME:payload[2] VALUE:225   RADIX:UVM_HEX BITS=8}
  SET_ATTR @39800 {TXH:155 NAME:payload[3] VALUE:224   RADIX:UVM_HEX BITS=8}
  SET_ATTR @39800 {TXH:155 NAME:payload[4] VALUE:199   RADIX:UVM_HEX BITS=8}
  SET_ATTR @39800 {TXH:155 NAME:payload[48] VALUE:209   RADIX:UVM_HEX BITS=8}
  SET_ATTR @39800 {TXH:155 NAME:payload[49] VALUE:128   RADIX:UVM_HEX BITS=8}
  SET_ATTR @39800 {TXH:155 NAME:payload[50] VALUE:4   RADIX:UVM_HEX BITS=8}
  SET_ATTR @39800 {TXH:155 NAME:payload[51] VALUE:168   RADIX:UVM_HEX BITS=8}
  SET_ATTR @39800 {TXH:155 NAME:payload[52] VALUE:194   RADIX:UVM_HEX BITS=8}
  SET_ATTR @39800 {TXH:155 NAME:parity VALUE:10   RADIX:UVM_HEX BITS=8}
  SET_ATTR @39800 {TXH:155 NAME:parity_type VALUE:125045596921120607787644025   RADIX:UVM_STRING BITS=88}
  SET_ATTR @39800 {TXH:155 NAME:packet_delay VALUE:4   RADIX:UVM_HEX BITS=32}
  SET_ATTR @39800 {TXH:155 NAME:transaction_id VALUE:2   RADIX:UVM_DEC BITS=32}
END @39800 {TXH:155 TIME=0}
FREE @39800 {TXH:155}
  SET_ATTR @39800 {TXH:154 NAME:length VALUE:53   RADIX:UVM_DEC BITS=6}
  SET_ATTR @39800 {TXH:154 NAME:addr VALUE:1   RADIX:UVM_HEX BITS=2}
  SET_ATTR @39800 {TXH:154 NAME:payload[0] VALUE:173   RADIX:UVM_HEX BITS=8}
  SET_ATTR @39800 {TXH:154 NAME:payload[1] VALUE:60   RADIX:UVM_HEX BITS=8}
  SET_ATTR @39800 {TXH:154 NAME:payload[2] VALUE:225   RADIX:UVM_HEX BITS=8}
  SET_ATTR @39800 {TXH:154 NAME:payload[3] VALUE:224   RADIX:UVM_HEX BITS=8}
  SET_ATTR @39800 {TXH:154 NAME:payload[4] VALUE:199   RADIX:UVM_HEX BITS=8}
  SET_ATTR @39800 {TXH:154 NAME:payload[48] VALUE:209   RADIX:UVM_HEX BITS=8}
  SET_ATTR @39800 {TXH:154 NAME:payload[49] VALUE:128   RADIX:UVM_HEX BITS=8}
  SET_ATTR @39800 {TXH:154 NAME:payload[50] VALUE:4   RADIX:UVM_HEX BITS=8}
  SET_ATTR @39800 {TXH:154 NAME:payload[51] VALUE:168   RADIX:UVM_HEX BITS=8}
  SET_ATTR @39800 {TXH:154 NAME:payload[52] VALUE:194   RADIX:UVM_HEX BITS=8}
  SET_ATTR @39800 {TXH:154 NAME:parity VALUE:10   RADIX:UVM_HEX BITS=8}
  SET_ATTR @39800 {TXH:154 NAME:parity_type VALUE:125045596921120607787644025   RADIX:UVM_STRING BITS=88}
  SET_ATTR @39800 {TXH:154 NAME:packet_delay VALUE:4   RADIX:UVM_HEX BITS=32}
  SET_ATTR @39800 {TXH:154 NAME:transaction_id VALUE:2   RADIX:UVM_DEC BITS=32}
END @39800 {TXH:154 TIME=0}
FREE @39800 {TXH:154}
BEGIN @39800 {TXH:159 STREAM:103 NAME:req TIME=0  TYPE="Begin_End, Link" LABEL:"" DESC=""}
  LINK @39800 {TXH1:149 TXH2:159 RELATION=child}
BEGIN @40000 {TXH:160 STREAM:106 NAME:req TIME=0  TYPE="Begin_End, Link" LABEL:"" DESC=""}
  LINK @40000 {TXH1:149 TXH2:160 RELATION=child}
BEGIN @40050 {TXH:161 STREAM:108 NAME:pkt TIME=0  TYPE="Begin_No_Parent, Link" LABEL:"" DESC=""}
BEGIN @40250 {TXH:162 STREAM:5 NAME:req TIME=0  TYPE="Begin_End, Link" LABEL:"" DESC=""}
  LINK @40250 {TXH1:6 TXH2:162 RELATION=child}
  SET_ATTR @40300 {TXH:117 NAME:resp_delay VALUE:3   RADIX:UVM_DEC BITS=32}
  SET_ATTR @40300 {TXH:117 NAME:transaction_id VALUE:1   RADIX:UVM_DEC BITS=32}
END @40300 {TXH:117 TIME=0}
FREE @40300 {TXH:117}
BEGIN @40300 {TXH:163 STREAM:3 NAME:req TIME=0  TYPE="Begin_End, Link" LABEL:"" DESC=""}
  LINK @40300 {TXH1:4 TXH2:163 RELATION=child}
  SET_ATTR @40350 {TXH:158 NAME:length VALUE:53   RADIX:UVM_HEX BITS=6}
  SET_ATTR @40350 {TXH:158 NAME:addr VALUE:1   RADIX:UVM_HEX BITS=2}
  SET_ATTR @40350 {TXH:158 NAME:payload[0] VALUE:173   RADIX:UVM_HEX BITS=8}
  SET_ATTR @40350 {TXH:158 NAME:payload[1] VALUE:60   RADIX:UVM_HEX BITS=8}
  SET_ATTR @40350 {TXH:158 NAME:payload[2] VALUE:225   RADIX:UVM_HEX BITS=8}
  SET_ATTR @40350 {TXH:158 NAME:payload[3] VALUE:224   RADIX:UVM_HEX BITS=8}
  SET_ATTR @40350 {TXH:158 NAME:payload[4] VALUE:199   RADIX:UVM_HEX BITS=8}
  SET_ATTR @40350 {TXH:158 NAME:payload[48] VALUE:209   RADIX:UVM_HEX BITS=8}
  SET_ATTR @40350 {TXH:158 NAME:payload[49] VALUE:128   RADIX:UVM_HEX BITS=8}
  SET_ATTR @40350 {TXH:158 NAME:payload[50] VALUE:4   RADIX:UVM_HEX BITS=8}
  SET_ATTR @40350 {TXH:158 NAME:payload[51] VALUE:168   RADIX:UVM_HEX BITS=8}
  SET_ATTR @40350 {TXH:158 NAME:payload[52] VALUE:194   RADIX:UVM_HEX BITS=8}
  SET_ATTR @40350 {TXH:158 NAME:parity VALUE:10   RADIX:UVM_HEX BITS=8}
  SET_ATTR @40350 {TXH:158 NAME:parity_type VALUE:86208262364311955280843865   RADIX:UVM_STRING BITS=88}
  SET_ATTR @40350 {TXH:158 NAME:packet_delay VALUE:0   RADIX:UVM_DEC BITS=32}
END @40350 {TXH:158 TIME=0}
FREE @40350 {TXH:158}
  CREATE_STREAM @40350 {NAME:Channel_2_Packet T:TVM SCOPE:uvm_test_top.tb.ch2.rx_agent.monitor STREAM:164}
BEGIN @40350 {TXH:165 STREAM:164 NAME:packet_collected TIME=0  TYPE="Begin_No_Parent, Link" LABEL:"" DESC=""}
  SET_ATTR @42550 {TXH:161 NAME:length VALUE:24   RADIX:UVM_DEC BITS=6}
  SET_ATTR @42550 {TXH:161 NAME:addr VALUE:2   RADIX:UVM_HEX BITS=2}
  SET_ATTR @42550 {TXH:161 NAME:payload[0] VALUE:250   RADIX:UVM_HEX BITS=8}
  SET_ATTR @42550 {TXH:161 NAME:payload[1] VALUE:194   RADIX:UVM_HEX BITS=8}
  SET_ATTR @42550 {TXH:161 NAME:payload[2] VALUE:195   RADIX:UVM_HEX BITS=8}
  SET_ATTR @42550 {TXH:161 NAME:payload[3] VALUE:49   RADIX:UVM_HEX BITS=8}
  SET_ATTR @42550 {TXH:161 NAME:payload[4] VALUE:178   RADIX:UVM_HEX BITS=8}
  SET_ATTR @42550 {TXH:161 NAME:payload[19] VALUE:60   RADIX:UVM_HEX BITS=8}
  SET_ATTR @42550 {TXH:161 NAME:payload[20] VALUE:37   RADIX:UVM_HEX BITS=8}
  SET_ATTR @42550 {TXH:161 NAME:payload[21] VALUE:255   RADIX:UVM_HEX BITS=8}
  SET_ATTR @42550 {TXH:161 NAME:payload[22] VALUE:225   RADIX:UVM_HEX BITS=8}
  SET_ATTR @42550 {TXH:161 NAME:payload[23] VALUE:29   RADIX:UVM_HEX BITS=8}
  SET_ATTR @42550 {TXH:161 NAME:parity VALUE:243   RADIX:UVM_HEX BITS=8}
  SET_ATTR @42550 {TXH:161 NAME:parity_type VALUE:125045596921120607787644025   RADIX:UVM_STRING BITS=88}
  SET_ATTR @42550 {TXH:161 NAME:packet_delay VALUE:0   RADIX:UVM_HEX BITS=32}
END @42550 {TXH:161 TIME=0}
FREE @42550 {TXH:161}
  SET_ATTR @42600 {TXH:160 NAME:length VALUE:24   RADIX:UVM_DEC BITS=6}
  SET_ATTR @42600 {TXH:160 NAME:addr VALUE:2   RADIX:UVM_HEX BITS=2}
  SET_ATTR @42600 {TXH:160 NAME:payload[0] VALUE:250   RADIX:UVM_HEX BITS=8}
  SET_ATTR @42600 {TXH:160 NAME:payload[1] VALUE:194   RADIX:UVM_HEX BITS=8}
  SET_ATTR @42600 {TXH:160 NAME:payload[2] VALUE:195   RADIX:UVM_HEX BITS=8}
  SET_ATTR @42600 {TXH:160 NAME:payload[3] VALUE:49   RADIX:UVM_HEX BITS=8}
  SET_ATTR @42600 {TXH:160 NAME:payload[4] VALUE:178   RADIX:UVM_HEX BITS=8}
  SET_ATTR @42600 {TXH:160 NAME:payload[19] VALUE:60   RADIX:UVM_HEX BITS=8}
  SET_ATTR @42600 {TXH:160 NAME:payload[20] VALUE:37   RADIX:UVM_HEX BITS=8}
  SET_ATTR @42600 {TXH:160 NAME:payload[21] VALUE:255   RADIX:UVM_HEX BITS=8}
  SET_ATTR @42600 {TXH:160 NAME:payload[22] VALUE:225   RADIX:UVM_HEX BITS=8}
  SET_ATTR @42600 {TXH:160 NAME:payload[23] VALUE:29   RADIX:UVM_HEX BITS=8}
  SET_ATTR @42600 {TXH:160 NAME:parity VALUE:243   RADIX:UVM_HEX BITS=8}
  SET_ATTR @42600 {TXH:160 NAME:parity_type VALUE:125045596921120607787644025   RADIX:UVM_STRING BITS=88}
  SET_ATTR @42600 {TXH:160 NAME:packet_delay VALUE:1   RADIX:UVM_HEX BITS=32}
  SET_ATTR @42600 {TXH:160 NAME:transaction_id VALUE:3   RADIX:UVM_DEC BITS=32}
END @42600 {TXH:160 TIME=0}
FREE @42600 {TXH:160}
  SET_ATTR @42600 {TXH:159 NAME:length VALUE:24   RADIX:UVM_DEC BITS=6}
  SET_ATTR @42600 {TXH:159 NAME:addr VALUE:2   RADIX:UVM_HEX BITS=2}
  SET_ATTR @42600 {TXH:159 NAME:payload[0] VALUE:250   RADIX:UVM_HEX BITS=8}
  SET_ATTR @42600 {TXH:159 NAME:payload[1] VALUE:194   RADIX:UVM_HEX BITS=8}
  SET_ATTR @42600 {TXH:159 NAME:payload[2] VALUE:195   RADIX:UVM_HEX BITS=8}
  SET_ATTR @42600 {TXH:159 NAME:payload[3] VALUE:49   RADIX:UVM_HEX BITS=8}
  SET_ATTR @42600 {TXH:159 NAME:payload[4] VALUE:178   RADIX:UVM_HEX BITS=8}
  SET_ATTR @42600 {TXH:159 NAME:payload[19] VALUE:60   RADIX:UVM_HEX BITS=8}
  SET_ATTR @42600 {TXH:159 NAME:payload[20] VALUE:37   RADIX:UVM_HEX BITS=8}
  SET_ATTR @42600 {TXH:159 NAME:payload[21] VALUE:255   RADIX:UVM_HEX BITS=8}
  SET_ATTR @42600 {TXH:159 NAME:payload[22] VALUE:225   RADIX:UVM_HEX BITS=8}
  SET_ATTR @42600 {TXH:159 NAME:payload[23] VALUE:29   RADIX:UVM_HEX BITS=8}
  SET_ATTR @42600 {TXH:159 NAME:parity VALUE:243   RADIX:UVM_HEX BITS=8}
  SET_ATTR @42600 {TXH:159 NAME:parity_type VALUE:125045596921120607787644025   RADIX:UVM_STRING BITS=88}
  SET_ATTR @42600 {TXH:159 NAME:packet_delay VALUE:1   RADIX:UVM_HEX BITS=32}
  SET_ATTR @42600 {TXH:159 NAME:transaction_id VALUE:3   RADIX:UVM_DEC BITS=32}
END @42600 {TXH:159 TIME=0}
FREE @42600 {TXH:159}
END @42600 {TXH:149 TIME=0}
FREE @42600 {TXH:149}
BEGIN @42600 {TXH:166 STREAM:103 NAME:yapp_012 TIME=0  TYPE="Begin_End, Link" LABEL:"" DESC=""}
  LINK @42600 {TXH1:10 TXH2:166 RELATION=child}
BEGIN @42600 {TXH:167 STREAM:103 NAME:req TIME=0  TYPE="Begin_End, Link" LABEL:"" DESC=""}
  LINK @42600 {TXH1:166 TXH2:167 RELATION=child}
  SET_ATTR @42900 {TXH:162 NAME:resp_delay VALUE:0   RADIX:UVM_DEC BITS=32}
  SET_ATTR @42900 {TXH:162 NAME:transaction_id VALUE:1   RADIX:UVM_DEC BITS=32}
END @42900 {TXH:162 TIME=0}
FREE @42900 {TXH:162}
BEGIN @42900 {TXH:168 STREAM:5 NAME:req TIME=0  TYPE="Begin_End, Link" LABEL:"" DESC=""}
  LINK @42900 {TXH1:84 TXH2:168 RELATION=child}
  SET_ATTR @42950 {TXH:165 NAME:length VALUE:24   RADIX:UVM_HEX BITS=6}
  SET_ATTR @42950 {TXH:165 NAME:addr VALUE:2   RADIX:UVM_HEX BITS=2}
  SET_ATTR @42950 {TXH:165 NAME:payload[0] VALUE:250   RADIX:UVM_HEX BITS=8}
  SET_ATTR @42950 {TXH:165 NAME:payload[1] VALUE:194   RADIX:UVM_HEX BITS=8}
  SET_ATTR @42950 {TXH:165 NAME:payload[2] VALUE:195   RADIX:UVM_HEX BITS=8}
  SET_ATTR @42950 {TXH:165 NAME:payload[3] VALUE:49   RADIX:UVM_HEX BITS=8}
  SET_ATTR @42950 {TXH:165 NAME:payload[4] VALUE:178   RADIX:UVM_HEX BITS=8}
  SET_ATTR @42950 {TXH:165 NAME:payload[19] VALUE:60   RADIX:UVM_HEX BITS=8}
  SET_ATTR @42950 {TXH:165 NAME:payload[20] VALUE:37   RADIX:UVM_HEX BITS=8}
  SET_ATTR @42950 {TXH:165 NAME:payload[21] VALUE:255   RADIX:UVM_HEX BITS=8}
  SET_ATTR @42950 {TXH:165 NAME:payload[22] VALUE:225   RADIX:UVM_HEX BITS=8}
  SET_ATTR @42950 {TXH:165 NAME:payload[23] VALUE:29   RADIX:UVM_HEX BITS=8}
  SET_ATTR @42950 {TXH:165 NAME:parity VALUE:243   RADIX:UVM_HEX BITS=8}
  SET_ATTR @42950 {TXH:165 NAME:parity_type VALUE:86208262364311955280843865   RADIX:UVM_STRING BITS=88}
  SET_ATTR @42950 {TXH:165 NAME:packet_delay VALUE:0   RADIX:UVM_DEC BITS=32}
END @42950 {TXH:165 TIME=0}
FREE @42950 {TXH:165}
BEGIN @43800 {TXH:169 STREAM:106 NAME:req TIME=0  TYPE="Begin_End, Link" LABEL:"" DESC=""}
  LINK @43800 {TXH1:166 TXH2:169 RELATION=child}
BEGIN @43850 {TXH:170 STREAM:108 NAME:pkt TIME=0  TYPE="Begin_No_Parent, Link" LABEL:"" DESC=""}
BEGIN @44250 {TXH:171 STREAM:125 NAME:packet_collected TIME=0  TYPE="Begin_No_Parent, Link" LABEL:"" DESC=""}
  SET_ATTR @47950 {TXH:170 NAME:length VALUE:40   RADIX:UVM_DEC BITS=6}
  SET_ATTR @47950 {TXH:170 NAME:addr VALUE:0   RADIX:UVM_HEX BITS=2}
  SET_ATTR @47950 {TXH:170 NAME:payload[0] VALUE:49   RADIX:UVM_HEX BITS=8}
  SET_ATTR @47950 {TXH:170 NAME:payload[1] VALUE:242   RADIX:UVM_HEX BITS=8}
  SET_ATTR @47950 {TXH:170 NAME:payload[2] VALUE:161   RADIX:UVM_HEX BITS=8}
  SET_ATTR @47950 {TXH:170 NAME:payload[3] VALUE:245   RADIX:UVM_HEX BITS=8}
  SET_ATTR @47950 {TXH:170 NAME:payload[4] VALUE:217   RADIX:UVM_HEX BITS=8}
  SET_ATTR @47950 {TXH:170 NAME:payload[35] VALUE:134   RADIX:UVM_HEX BITS=8}
  SET_ATTR @47950 {TXH:170 NAME:payload[36] VALUE:136   RADIX:UVM_HEX BITS=8}
  SET_ATTR @47950 {TXH:170 NAME:payload[37] VALUE:244   RADIX:UVM_HEX BITS=8}
  SET_ATTR @47950 {TXH:170 NAME:payload[38] VALUE:196   RADIX:UVM_HEX BITS=8}
  SET_ATTR @47950 {TXH:170 NAME:payload[39] VALUE:117   RADIX:UVM_HEX BITS=8}
  SET_ATTR @47950 {TXH:170 NAME:parity VALUE:33   RADIX:UVM_HEX BITS=8}
  SET_ATTR @47950 {TXH:170 NAME:parity_type VALUE:125045596921120607787644025   RADIX:UVM_STRING BITS=88}
  SET_ATTR @47950 {TXH:170 NAME:packet_delay VALUE:0   RADIX:UVM_HEX BITS=32}
END @47950 {TXH:170 TIME=0}
FREE @47950 {TXH:170}
  SET_ATTR @48000 {TXH:169 NAME:length VALUE:40   RADIX:UVM_DEC BITS=6}
  SET_ATTR @48000 {TXH:169 NAME:addr VALUE:0   RADIX:UVM_HEX BITS=2}
  SET_ATTR @48000 {TXH:169 NAME:payload[0] VALUE:49   RADIX:UVM_HEX BITS=8}
  SET_ATTR @48000 {TXH:169 NAME:payload[1] VALUE:242   RADIX:UVM_HEX BITS=8}
  SET_ATTR @48000 {TXH:169 NAME:payload[2] VALUE:161   RADIX:UVM_HEX BITS=8}
  SET_ATTR @48000 {TXH:169 NAME:payload[3] VALUE:245   RADIX:UVM_HEX BITS=8}
  SET_ATTR @48000 {TXH:169 NAME:payload[4] VALUE:217   RADIX:UVM_HEX BITS=8}
  SET_ATTR @48000 {TXH:169 NAME:payload[35] VALUE:134   RADIX:UVM_HEX BITS=8}
  SET_ATTR @48000 {TXH:169 NAME:payload[36] VALUE:136   RADIX:UVM_HEX BITS=8}
  SET_ATTR @48000 {TXH:169 NAME:payload[37] VALUE:244   RADIX:UVM_HEX BITS=8}
  SET_ATTR @48000 {TXH:169 NAME:payload[38] VALUE:196   RADIX:UVM_HEX BITS=8}
  SET_ATTR @48000 {TXH:169 NAME:payload[39] VALUE:117   RADIX:UVM_HEX BITS=8}
  SET_ATTR @48000 {TXH:169 NAME:parity VALUE:33   RADIX:UVM_HEX BITS=8}
  SET_ATTR @48000 {TXH:169 NAME:parity_type VALUE:125045596921120607787644025   RADIX:UVM_STRING BITS=88}
  SET_ATTR @48000 {TXH:169 NAME:packet_delay VALUE:11   RADIX:UVM_HEX BITS=32}
  SET_ATTR @48000 {TXH:169 NAME:transaction_id VALUE:1   RADIX:UVM_DEC BITS=32}
END @48000 {TXH:169 TIME=0}
FREE @48000 {TXH:169}
  SET_ATTR @48000 {TXH:167 NAME:length VALUE:40   RADIX:UVM_DEC BITS=6}
  SET_ATTR @48000 {TXH:167 NAME:addr VALUE:0   RADIX:UVM_HEX BITS=2}
  SET_ATTR @48000 {TXH:167 NAME:payload[0] VALUE:49   RADIX:UVM_HEX BITS=8}
  SET_ATTR @48000 {TXH:167 NAME:payload[1] VALUE:242   RADIX:UVM_HEX BITS=8}
  SET_ATTR @48000 {TXH:167 NAME:payload[2] VALUE:161   RADIX:UVM_HEX BITS=8}
  SET_ATTR @48000 {TXH:167 NAME:payload[3] VALUE:245   RADIX:UVM_HEX BITS=8}
  SET_ATTR @48000 {TXH:167 NAME:payload[4] VALUE:217   RADIX:UVM_HEX BITS=8}
  SET_ATTR @48000 {TXH:167 NAME:payload[35] VALUE:134   RADIX:UVM_HEX BITS=8}
  SET_ATTR @48000 {TXH:167 NAME:payload[36] VALUE:136   RADIX:UVM_HEX BITS=8}
  SET_ATTR @48000 {TXH:167 NAME:payload[37] VALUE:244   RADIX:UVM_HEX BITS=8}
  SET_ATTR @48000 {TXH:167 NAME:payload[38] VALUE:196   RADIX:UVM_HEX BITS=8}
  SET_ATTR @48000 {TXH:167 NAME:payload[39] VALUE:117   RADIX:UVM_HEX BITS=8}
  SET_ATTR @48000 {TXH:167 NAME:parity VALUE:33   RADIX:UVM_HEX BITS=8}
  SET_ATTR @48000 {TXH:167 NAME:parity_type VALUE:125045596921120607787644025   RADIX:UVM_STRING BITS=88}
  SET_ATTR @48000 {TXH:167 NAME:packet_delay VALUE:11   RADIX:UVM_HEX BITS=32}
  SET_ATTR @48000 {TXH:167 NAME:transaction_id VALUE:1   RADIX:UVM_DEC BITS=32}
END @48000 {TXH:167 TIME=0}
FREE @48000 {TXH:167}
BEGIN @48000 {TXH:172 STREAM:103 NAME:req TIME=0  TYPE="Begin_End, Link" LABEL:"" DESC=""}
  LINK @48000 {TXH1:166 TXH2:172 RELATION=child}
  SET_ATTR @48400 {TXH:157 NAME:resp_delay VALUE:2   RADIX:UVM_DEC BITS=32}
  SET_ATTR @48400 {TXH:157 NAME:transaction_id VALUE:1   RADIX:UVM_DEC BITS=32}
END @48400 {TXH:157 TIME=0}
FREE @48400 {TXH:157}
BEGIN @48400 {TXH:173 STREAM:1 NAME:req TIME=0  TYPE="Begin_End, Link" LABEL:"" DESC=""}
  LINK @48400 {TXH1:82 TXH2:173 RELATION=child}
  SET_ATTR @48450 {TXH:171 NAME:length VALUE:40   RADIX:UVM_HEX BITS=6}
  SET_ATTR @48450 {TXH:171 NAME:addr VALUE:0   RADIX:UVM_HEX BITS=2}
  SET_ATTR @48450 {TXH:171 NAME:payload[0] VALUE:49   RADIX:UVM_HEX BITS=8}
  SET_ATTR @48450 {TXH:171 NAME:payload[1] VALUE:242   RADIX:UVM_HEX BITS=8}
  SET_ATTR @48450 {TXH:171 NAME:payload[2] VALUE:161   RADIX:UVM_HEX BITS=8}
  SET_ATTR @48450 {TXH:171 NAME:payload[3] VALUE:245   RADIX:UVM_HEX BITS=8}
  SET_ATTR @48450 {TXH:171 NAME:payload[4] VALUE:217   RADIX:UVM_HEX BITS=8}
  SET_ATTR @48450 {TXH:171 NAME:payload[35] VALUE:134   RADIX:UVM_HEX BITS=8}
  SET_ATTR @48450 {TXH:171 NAME:payload[36] VALUE:136   RADIX:UVM_HEX BITS=8}
  SET_ATTR @48450 {TXH:171 NAME:payload[37] VALUE:244   RADIX:UVM_HEX BITS=8}
  SET_ATTR @48450 {TXH:171 NAME:payload[38] VALUE:196   RADIX:UVM_HEX BITS=8}
  SET_ATTR @48450 {TXH:171 NAME:payload[39] VALUE:117   RADIX:UVM_HEX BITS=8}
  SET_ATTR @48450 {TXH:171 NAME:parity VALUE:33   RADIX:UVM_HEX BITS=8}
  SET_ATTR @48450 {TXH:171 NAME:parity_type VALUE:86208262364311955280843865   RADIX:UVM_STRING BITS=88}
  SET_ATTR @48450 {TXH:171 NAME:packet_delay VALUE:0   RADIX:UVM_DEC BITS=32}
END @48450 {TXH:171 TIME=0}
FREE @48450 {TXH:171}
BEGIN @49100 {TXH:174 STREAM:106 NAME:req TIME=0  TYPE="Begin_End, Link" LABEL:"" DESC=""}
  LINK @49100 {TXH1:166 TXH2:174 RELATION=child}
BEGIN @49150 {TXH:175 STREAM:108 NAME:pkt TIME=0  TYPE="Begin_No_Parent, Link" LABEL:"" DESC=""}
BEGIN @49450 {TXH:176 STREAM:114 NAME:packet_collected TIME=0  TYPE="Begin_No_Parent, Link" LABEL:"" DESC=""}
  SET_ATTR @53950 {TXH:175 NAME:length VALUE:47   RADIX:UVM_DEC BITS=6}
  SET_ATTR @53950 {TXH:175 NAME:addr VALUE:1   RADIX:UVM_HEX BITS=2}
  SET_ATTR @53950 {TXH:175 NAME:payload[0] VALUE:29   RADIX:UVM_HEX BITS=8}
  SET_ATTR @53950 {TXH:175 NAME:payload[1] VALUE:73   RADIX:UVM_HEX BITS=8}
  SET_ATTR @53950 {TXH:175 NAME:payload[2] VALUE:222   RADIX:UVM_HEX BITS=8}
  SET_ATTR @53950 {TXH:175 NAME:payload[3] VALUE:136   RADIX:UVM_HEX BITS=8}
  SET_ATTR @53950 {TXH:175 NAME:payload[4] VALUE:130   RADIX:UVM_HEX BITS=8}
  SET_ATTR @53950 {TXH:175 NAME:payload[42] VALUE:253   RADIX:UVM_HEX BITS=8}
  SET_ATTR @53950 {TXH:175 NAME:payload[43] VALUE:180   RADIX:UVM_HEX BITS=8}
  SET_ATTR @53950 {TXH:175 NAME:payload[44] VALUE:172   RADIX:UVM_HEX BITS=8}
  SET_ATTR @53950 {TXH:175 NAME:payload[45] VALUE:175   RADIX:UVM_HEX BITS=8}
  SET_ATTR @53950 {TXH:175 NAME:payload[46] VALUE:171   RADIX:UVM_HEX BITS=8}
  SET_ATTR @53950 {TXH:175 NAME:parity VALUE:19   RADIX:UVM_HEX BITS=8}
  SET_ATTR @53950 {TXH:175 NAME:parity_type VALUE:125045596921120607787644025   RADIX:UVM_STRING BITS=88}
  SET_ATTR @53950 {TXH:175 NAME:packet_delay VALUE:0   RADIX:UVM_HEX BITS=32}
END @53950 {TXH:175 TIME=0}
FREE @53950 {TXH:175}
  SET_ATTR @54000 {TXH:174 NAME:length VALUE:47   RADIX:UVM_DEC BITS=6}
  SET_ATTR @54000 {TXH:174 NAME:addr VALUE:1   RADIX:UVM_HEX BITS=2}
  SET_ATTR @54000 {TXH:174 NAME:payload[0] VALUE:29   RADIX:UVM_HEX BITS=8}
  SET_ATTR @54000 {TXH:174 NAME:payload[1] VALUE:73   RADIX:UVM_HEX BITS=8}
  SET_ATTR @54000 {TXH:174 NAME:payload[2] VALUE:222   RADIX:UVM_HEX BITS=8}
  SET_ATTR @54000 {TXH:174 NAME:payload[3] VALUE:136   RADIX:UVM_HEX BITS=8}
  SET_ATTR @54000 {TXH:174 NAME:payload[4] VALUE:130   RADIX:UVM_HEX BITS=8}
  SET_ATTR @54000 {TXH:174 NAME:payload[42] VALUE:253   RADIX:UVM_HEX BITS=8}
  SET_ATTR @54000 {TXH:174 NAME:payload[43] VALUE:180   RADIX:UVM_HEX BITS=8}
  SET_ATTR @54000 {TXH:174 NAME:payload[44] VALUE:172   RADIX:UVM_HEX BITS=8}
  SET_ATTR @54000 {TXH:174 NAME:payload[45] VALUE:175   RADIX:UVM_HEX BITS=8}
  SET_ATTR @54000 {TXH:174 NAME:payload[46] VALUE:171   RADIX:UVM_HEX BITS=8}
  SET_ATTR @54000 {TXH:174 NAME:parity VALUE:19   RADIX:UVM_HEX BITS=8}
  SET_ATTR @54000 {TXH:174 NAME:parity_type VALUE:125045596921120607787644025   RADIX:UVM_STRING BITS=88}
  SET_ATTR @54000 {TXH:174 NAME:packet_delay VALUE:10   RADIX:UVM_HEX BITS=32}
  SET_ATTR @54000 {TXH:174 NAME:transaction_id VALUE:2   RADIX:UVM_DEC BITS=32}
END @54000 {TXH:174 TIME=0}
FREE @54000 {TXH:174}
  SET_ATTR @54000 {TXH:172 NAME:length VALUE:47   RADIX:UVM_DEC BITS=6}
  SET_ATTR @54000 {TXH:172 NAME:addr VALUE:1   RADIX:UVM_HEX BITS=2}
  SET_ATTR @54000 {TXH:172 NAME:payload[0] VALUE:29   RADIX:UVM_HEX BITS=8}
  SET_ATTR @54000 {TXH:172 NAME:payload[1] VALUE:73   RADIX:UVM_HEX BITS=8}
  SET_ATTR @54000 {TXH:172 NAME:payload[2] VALUE:222   RADIX:UVM_HEX BITS=8}
  SET_ATTR @54000 {TXH:172 NAME:payload[3] VALUE:136   RADIX:UVM_HEX BITS=8}
  SET_ATTR @54000 {TXH:172 NAME:payload[4] VALUE:130   RADIX:UVM_HEX BITS=8}
  SET_ATTR @54000 {TXH:172 NAME:payload[42] VALUE:253   RADIX:UVM_HEX BITS=8}
  SET_ATTR @54000 {TXH:172 NAME:payload[43] VALUE:180   RADIX:UVM_HEX BITS=8}
  SET_ATTR @54000 {TXH:172 NAME:payload[44] VALUE:172   RADIX:UVM_HEX BITS=8}
  SET_ATTR @54000 {TXH:172 NAME:payload[45] VALUE:175   RADIX:UVM_HEX BITS=8}
  SET_ATTR @54000 {TXH:172 NAME:payload[46] VALUE:171   RADIX:UVM_HEX BITS=8}
  SET_ATTR @54000 {TXH:172 NAME:parity VALUE:19   RADIX:UVM_HEX BITS=8}
  SET_ATTR @54000 {TXH:172 NAME:parity_type VALUE:125045596921120607787644025   RADIX:UVM_STRING BITS=88}
  SET_ATTR @54000 {TXH:172 NAME:packet_delay VALUE:10   RADIX:UVM_HEX BITS=32}
  SET_ATTR @54000 {TXH:172 NAME:transaction_id VALUE:2   RADIX:UVM_DEC BITS=32}
END @54000 {TXH:172 TIME=0}
FREE @54000 {TXH:172}
BEGIN @54000 {TXH:177 STREAM:103 NAME:req TIME=0  TYPE="Begin_End, Link" LABEL:"" DESC=""}
  LINK @54000 {TXH1:166 TXH2:177 RELATION=child}
  SET_ATTR @54300 {TXH:163 NAME:resp_delay VALUE:1   RADIX:UVM_DEC BITS=32}
  SET_ATTR @54300 {TXH:163 NAME:transaction_id VALUE:1   RADIX:UVM_DEC BITS=32}
END @54300 {TXH:163 TIME=0}
FREE @54300 {TXH:163}
BEGIN @54300 {TXH:178 STREAM:3 NAME:req TIME=0  TYPE="Begin_End, Link" LABEL:"" DESC=""}
  LINK @54300 {TXH1:83 TXH2:178 RELATION=child}
  SET_ATTR @54350 {TXH:176 NAME:length VALUE:47   RADIX:UVM_HEX BITS=6}
  SET_ATTR @54350 {TXH:176 NAME:addr VALUE:1   RADIX:UVM_HEX BITS=2}
  SET_ATTR @54350 {TXH:176 NAME:payload[0] VALUE:29   RADIX:UVM_HEX BITS=8}
  SET_ATTR @54350 {TXH:176 NAME:payload[1] VALUE:73   RADIX:UVM_HEX BITS=8}
  SET_ATTR @54350 {TXH:176 NAME:payload[2] VALUE:222   RADIX:UVM_HEX BITS=8}
  SET_ATTR @54350 {TXH:176 NAME:payload[3] VALUE:136   RADIX:UVM_HEX BITS=8}
  SET_ATTR @54350 {TXH:176 NAME:payload[4] VALUE:130   RADIX:UVM_HEX BITS=8}
  SET_ATTR @54350 {TXH:176 NAME:payload[42] VALUE:253   RADIX:UVM_HEX BITS=8}
  SET_ATTR @54350 {TXH:176 NAME:payload[43] VALUE:180   RADIX:UVM_HEX BITS=8}
  SET_ATTR @54350 {TXH:176 NAME:payload[44] VALUE:172   RADIX:UVM_HEX BITS=8}
  SET_ATTR @54350 {TXH:176 NAME:payload[45] VALUE:175   RADIX:UVM_HEX BITS=8}
  SET_ATTR @54350 {TXH:176 NAME:payload[46] VALUE:171   RADIX:UVM_HEX BITS=8}
  SET_ATTR @54350 {TXH:176 NAME:parity VALUE:19   RADIX:UVM_HEX BITS=8}
  SET_ATTR @54350 {TXH:176 NAME:parity_type VALUE:86208262364311955280843865   RADIX:UVM_STRING BITS=88}
  SET_ATTR @54350 {TXH:176 NAME:packet_delay VALUE:0   RADIX:UVM_DEC BITS=32}
END @54350 {TXH:176 TIME=0}
FREE @54350 {TXH:176}
BEGIN @56100 {TXH:179 STREAM:106 NAME:req TIME=0  TYPE="Begin_End, Link" LABEL:"" DESC=""}
  LINK @56100 {TXH1:166 TXH2:179 RELATION=child}
BEGIN @56150 {TXH:180 STREAM:108 NAME:pkt TIME=0  TYPE="Begin_No_Parent, Link" LABEL:"" DESC=""}
BEGIN @56550 {TXH:181 STREAM:164 NAME:packet_collected TIME=0  TYPE="Begin_No_Parent, Link" LABEL:"" DESC=""}
  SET_ATTR @60650 {TXH:180 NAME:length VALUE:44   RADIX:UVM_DEC BITS=6}
  SET_ATTR @60650 {TXH:180 NAME:addr VALUE:2   RADIX:UVM_HEX BITS=2}
  SET_ATTR @60650 {TXH:180 NAME:payload[0] VALUE:95   RADIX:UVM_HEX BITS=8}
  SET_ATTR @60650 {TXH:180 NAME:payload[1] VALUE:55   RADIX:UVM_HEX BITS=8}
  SET_ATTR @60650 {TXH:180 NAME:payload[2] VALUE:229   RADIX:UVM_HEX BITS=8}
  SET_ATTR @60650 {TXH:180 NAME:payload[3] VALUE:136   RADIX:UVM_HEX BITS=8}
  SET_ATTR @60650 {TXH:180 NAME:payload[4] VALUE:133   RADIX:UVM_HEX BITS=8}
  SET_ATTR @60650 {TXH:180 NAME:payload[39] VALUE:161   RADIX:UVM_HEX BITS=8}
  SET_ATTR @60650 {TXH:180 NAME:payload[40] VALUE:8   RADIX:UVM_HEX BITS=8}
  SET_ATTR @60650 {TXH:180 NAME:payload[41] VALUE:173   RADIX:UVM_HEX BITS=8}
  SET_ATTR @60650 {TXH:180 NAME:payload[42] VALUE:227   RADIX:UVM_HEX BITS=8}
  SET_ATTR @60650 {TXH:180 NAME:payload[43] VALUE:250   RADIX:UVM_HEX BITS=8}
  SET_ATTR @60650 {TXH:180 NAME:parity VALUE:69   RADIX:UVM_HEX BITS=8}
  SET_ATTR @60650 {TXH:180 NAME:parity_type VALUE:125045596921120607787644025   RADIX:UVM_STRING BITS=88}
  SET_ATTR @60650 {TXH:180 NAME:packet_delay VALUE:0   RADIX:UVM_HEX BITS=32}
END @60650 {TXH:180 TIME=0}
FREE @60650 {TXH:180}
  SET_ATTR @60700 {TXH:179 NAME:length VALUE:44   RADIX:UVM_DEC BITS=6}
  SET_ATTR @60700 {TXH:179 NAME:addr VALUE:2   RADIX:UVM_HEX BITS=2}
  SET_ATTR @60700 {TXH:179 NAME:payload[0] VALUE:95   RADIX:UVM_HEX BITS=8}
  SET_ATTR @60700 {TXH:179 NAME:payload[1] VALUE:55   RADIX:UVM_HEX BITS=8}
  SET_ATTR @60700 {TXH:179 NAME:payload[2] VALUE:229   RADIX:UVM_HEX BITS=8}
  SET_ATTR @60700 {TXH:179 NAME:payload[3] VALUE:136   RADIX:UVM_HEX BITS=8}
  SET_ATTR @60700 {TXH:179 NAME:payload[4] VALUE:133   RADIX:UVM_HEX BITS=8}
  SET_ATTR @60700 {TXH:179 NAME:payload[39] VALUE:161   RADIX:UVM_HEX BITS=8}
  SET_ATTR @60700 {TXH:179 NAME:payload[40] VALUE:8   RADIX:UVM_HEX BITS=8}
  SET_ATTR @60700 {TXH:179 NAME:payload[41] VALUE:173   RADIX:UVM_HEX BITS=8}
  SET_ATTR @60700 {TXH:179 NAME:payload[42] VALUE:227   RADIX:UVM_HEX BITS=8}
  SET_ATTR @60700 {TXH:179 NAME:payload[43] VALUE:250   RADIX:UVM_HEX BITS=8}
  SET_ATTR @60700 {TXH:179 NAME:parity VALUE:69   RADIX:UVM_HEX BITS=8}
  SET_ATTR @60700 {TXH:179 NAME:parity_type VALUE:125045596921120607787644025   RADIX:UVM_STRING BITS=88}
  SET_ATTR @60700 {TXH:179 NAME:packet_delay VALUE:20   RADIX:UVM_HEX BITS=32}
  SET_ATTR @60700 {TXH:179 NAME:transaction_id VALUE:3   RADIX:UVM_DEC BITS=32}
END @60700 {TXH:179 TIME=0}
FREE @60700 {TXH:179}
  SET_ATTR @60700 {TXH:177 NAME:length VALUE:44   RADIX:UVM_DEC BITS=6}
  SET_ATTR @60700 {TXH:177 NAME:addr VALUE:2   RADIX:UVM_HEX BITS=2}
  SET_ATTR @60700 {TXH:177 NAME:payload[0] VALUE:95   RADIX:UVM_HEX BITS=8}
  SET_ATTR @60700 {TXH:177 NAME:payload[1] VALUE:55   RADIX:UVM_HEX BITS=8}
  SET_ATTR @60700 {TXH:177 NAME:payload[2] VALUE:229   RADIX:UVM_HEX BITS=8}
  SET_ATTR @60700 {TXH:177 NAME:payload[3] VALUE:136   RADIX:UVM_HEX BITS=8}
  SET_ATTR @60700 {TXH:177 NAME:payload[4] VALUE:133   RADIX:UVM_HEX BITS=8}
  SET_ATTR @60700 {TXH:177 NAME:payload[39] VALUE:161   RADIX:UVM_HEX BITS=8}
  SET_ATTR @60700 {TXH:177 NAME:payload[40] VALUE:8   RADIX:UVM_HEX BITS=8}
  SET_ATTR @60700 {TXH:177 NAME:payload[41] VALUE:173   RADIX:UVM_HEX BITS=8}
  SET_ATTR @60700 {TXH:177 NAME:payload[42] VALUE:227   RADIX:UVM_HEX BITS=8}
  SET_ATTR @60700 {TXH:177 NAME:payload[43] VALUE:250   RADIX:UVM_HEX BITS=8}
  SET_ATTR @60700 {TXH:177 NAME:parity VALUE:69   RADIX:UVM_HEX BITS=8}
  SET_ATTR @60700 {TXH:177 NAME:parity_type VALUE:125045596921120607787644025   RADIX:UVM_STRING BITS=88}
  SET_ATTR @60700 {TXH:177 NAME:packet_delay VALUE:20   RADIX:UVM_HEX BITS=32}
  SET_ATTR @60700 {TXH:177 NAME:transaction_id VALUE:3   RADIX:UVM_DEC BITS=32}
END @60700 {TXH:177 TIME=0}
FREE @60700 {TXH:177}
END @60700 {TXH:166 TIME=0}
FREE @60700 {TXH:166}
END @60700 {TXH:10 TIME=0}
FREE @60700 {TXH:10}
  SET_ATTR @61100 {TXH:168 NAME:resp_delay VALUE:2   RADIX:UVM_DEC BITS=32}
  SET_ATTR @61100 {TXH:168 NAME:transaction_id VALUE:1   RADIX:UVM_DEC BITS=32}
END @61100 {TXH:168 TIME=0}
FREE @61100 {TXH:168}
BEGIN @61100 {TXH:182 STREAM:5 NAME:req TIME=0  TYPE="Begin_End, Link" LABEL:"" DESC=""}
  LINK @61100 {TXH1:6 TXH2:182 RELATION=child}
  SET_ATTR @61150 {TXH:181 NAME:length VALUE:44   RADIX:UVM_HEX BITS=6}
  SET_ATTR @61150 {TXH:181 NAME:addr VALUE:2   RADIX:UVM_HEX BITS=2}
  SET_ATTR @61150 {TXH:181 NAME:payload[0] VALUE:95   RADIX:UVM_HEX BITS=8}
  SET_ATTR @61150 {TXH:181 NAME:payload[1] VALUE:55   RADIX:UVM_HEX BITS=8}
  SET_ATTR @61150 {TXH:181 NAME:payload[2] VALUE:229   RADIX:UVM_HEX BITS=8}
  SET_ATTR @61150 {TXH:181 NAME:payload[3] VALUE:136   RADIX:UVM_HEX BITS=8}
  SET_ATTR @61150 {TXH:181 NAME:payload[4] VALUE:133   RADIX:UVM_HEX BITS=8}
  SET_ATTR @61150 {TXH:181 NAME:payload[39] VALUE:161   RADIX:UVM_HEX BITS=8}
  SET_ATTR @61150 {TXH:181 NAME:payload[40] VALUE:8   RADIX:UVM_HEX BITS=8}
  SET_ATTR @61150 {TXH:181 NAME:payload[41] VALUE:173   RADIX:UVM_HEX BITS=8}
  SET_ATTR @61150 {TXH:181 NAME:payload[42] VALUE:227   RADIX:UVM_HEX BITS=8}
  SET_ATTR @61150 {TXH:181 NAME:payload[43] VALUE:250   RADIX:UVM_HEX BITS=8}
  SET_ATTR @61150 {TXH:181 NAME:parity VALUE:69   RADIX:UVM_HEX BITS=8}
  SET_ATTR @61150 {TXH:181 NAME:parity_type VALUE:86208262364311955280843865   RADIX:UVM_STRING BITS=88}
  SET_ATTR @61150 {TXH:181 NAME:packet_delay VALUE:0   RADIX:UVM_DEC BITS=32}
END @61150 {TXH:181 TIME=0}
FREE @61150 {TXH:181}
